[2026-02-03T13:55:53.641Z] Requirement File: boarding-pass.jpg, Original: https://f005.backblazeb2.com/file/allianzy/requirements/1770062880308-boarding-pass.jpg, Proxy: /api/files?url=https%3A%2F%2Ff005.backblazeb2.com%2Ffile%2Fallianzy%2Frequirements%2F1770062880308-boarding-pass.jpg
[2026-02-03T13:55:53.964Z] Case File: boarding-pass.jpg, Original: https://f005.backblazeb2.com/file/allianzy/cases/1770065445262-boarding-pass.jpg, Proxy: /api/files?url=https%3A%2F%2Ff005.backblazeb2.com%2Ffile%2Fallianzy%2Fcases%2F1770065445262-boarding-pass.jpg
[2026-02-03T13:55:53.964Z] Case File: boarding-pass.jpg, Original: https://f005.backblazeb2.com/file/allianzy/cases/1770064914683-boarding-pass.jpg, Proxy: /api/files?url=https%3A%2F%2Ff005.backblazeb2.com%2Ffile%2Fallianzy%2Fcases%2F1770064914683-boarding-pass.jpg
[2026-02-03T13:55:54.292Z] Proposal File: 2026-01-28 at 13.13.19.jpeg, Original: https://f005.backblazeb2.com/file/allianzy/proposals/1770063507549-2026-01-28_at_13.13.19.jpeg, Proxy: /api/files?url=https%3A%2F%2Ff005.backblazeb2.com%2Ffile%2Fallianzy%2Fproposals%2F1770063507549-2026-01-28_at_13.13.19.jpeg
[2026-02-03T13:55:54.617Z] Request File: boarding-pass.jpg, Original: https://f005.backblazeb2.com/file/allianzy/requests/1770078209059-boarding-pass.jpg, Proxy: /api/files?url=https%3A%2F%2Ff005.backblazeb2.com%2Ffile%2Fallianzy%2Frequests%2F1770078209059-boarding-pass.jpg
[2026-02-03T13:55:59.364Z] Requirement File: boarding-pass.jpg, Original: https://f005.backblazeb2.com/file/allianzy/requirements/1770062880308-boarding-pass.jpg, Proxy: /api/files?url=https%3A%2F%2Ff005.backblazeb2.com%2Ffile%2Fallianzy%2Frequirements%2F1770062880308-boarding-pass.jpg
[2026-02-03T13:55:59.677Z] Case File: boarding-pass.jpg, Original: https://f005.backblazeb2.com/file/allianzy/cases/1770065445262-boarding-pass.jpg, Proxy: /api/files?url=https%3A%2F%2Ff005.backblazeb2.com%2Ffile%2Fallianzy%2Fcases%2F1770065445262-boarding-pass.jpg
[2026-02-03T13:55:59.677Z] Case File: boarding-pass.jpg, Original: https://f005.backblazeb2.com/file/allianzy/cases/1770064914683-boarding-pass.jpg, Proxy: /api/files?url=https%3A%2F%2Ff005.backblazeb2.com%2Ffile%2Fallianzy%2Fcases%2F1770064914683-boarding-pass.jpg
[2026-02-03T13:55:59.999Z] Proposal File: 2026-01-28 at 13.13.19.jpeg, Original: https://f005.backblazeb2.com/file/allianzy/proposals/1770063507549-2026-01-28_at_13.13.19.jpeg, Proxy: /api/files?url=https%3A%2F%2Ff005.backblazeb2.com%2Ffile%2Fallianzy%2Fproposals%2F1770063507549-2026-01-28_at_13.13.19.jpeg
[2026-02-03T13:56:00.321Z] Request File: boarding-pass.jpg, Original: https://f005.backblazeb2.com/file/allianzy/requests/1770078209059-boarding-pass.jpg, Proxy: /api/files?url=https%3A%2F%2Ff005.backblazeb2.com%2Ffile%2Fallianzy%2Frequests%2F1770078209059-boarding-pass.jpg
[2026-02-03T13:57:23.516Z] Requirement File: boarding-pass.jpg, Original: https://f005.backblazeb2.com/file/allianzy/requirements/1770062880308-boarding-pass.jpg, Proxy: /api/files?url=https%3A%2F%2Ff005.backblazeb2.com%2Ffile%2Fallianzy%2Frequirements%2F1770062880308-boarding-pass.jpg&t=1770127043516
[2026-02-03T13:57:23.830Z] Case File: boarding-pass.jpg, Original: https://f005.backblazeb2.com/file/allianzy/cases/1770065445262-boarding-pass.jpg, Proxy: /api/files?url=https%3A%2F%2Ff005.backblazeb2.com%2Ffile%2Fallianzy%2Fcases%2F1770065445262-boarding-pass.jpg&t=1770127043830
[2026-02-03T13:57:23.830Z] Case File: boarding-pass.jpg, Original: https://f005.backblazeb2.com/file/allianzy/cases/1770064914683-boarding-pass.jpg, Proxy: /api/files?url=https%3A%2F%2Ff005.backblazeb2.com%2Ffile%2Fallianzy%2Fcases%2F1770064914683-boarding-pass.jpg&t=1770127043830
[2026-02-03T13:57:24.176Z] Proposal File: 2026-01-28 at 13.13.19.jpeg, Original: https://f005.backblazeb2.com/file/allianzy/proposals/1770063507549-2026-01-28_at_13.13.19.jpeg, Proxy: /api/files?url=https%3A%2F%2Ff005.backblazeb2.com%2Ffile%2Fallianzy%2Fproposals%2F1770063507549-2026-01-28_at_13.13.19.jpeg&t=1770127044176
[2026-02-03T13:57:24.491Z] Request File: boarding-pass.jpg, Original: https://f005.backblazeb2.com/file/allianzy/requests/1770078209059-boarding-pass.jpg, Proxy: /api/files?url=https%3A%2F%2Ff005.backblazeb2.com%2Ffile%2Fallianzy%2Frequests%2F1770078209059-boarding-pass.jpg&t=1770127044491
[2026-02-03T13:59:29.056Z] Requirement File: boarding-pass.jpg, Original: https://f005.backblazeb2.com/file/allianzy/requirements/1770062880308-boarding-pass.jpg, Proxy: /api/files?url=https%3A%2F%2Ff005.backblazeb2.com%2Ffile%2Fallianzy%2Frequirements%2F1770062880308-boarding-pass.jpg&t=1770127169056
[2026-02-03T13:59:29.391Z] Case File: boarding-pass.jpg, Original: https://f005.backblazeb2.com/file/allianzy/cases/1770065445262-boarding-pass.jpg, Proxy: /api/files?url=https%3A%2F%2Ff005.backblazeb2.com%2Ffile%2Fallianzy%2Fcases%2F1770065445262-boarding-pass.jpg&t=1770127169391
[2026-02-03T13:59:29.392Z] Case File: boarding-pass.jpg, Original: https://f005.backblazeb2.com/file/allianzy/cases/1770064914683-boarding-pass.jpg, Proxy: /api/files?url=https%3A%2F%2Ff005.backblazeb2.com%2Ffile%2Fallianzy%2Fcases%2F1770064914683-boarding-pass.jpg&t=1770127169391
[2026-02-03T13:59:29.706Z] Proposal File: 2026-01-28 at 13.13.19.jpeg, Original: https://f005.backblazeb2.com/file/allianzy/proposals/1770063507549-2026-01-28_at_13.13.19.jpeg, Proxy: /api/files?url=https%3A%2F%2Ff005.backblazeb2.com%2Ffile%2Fallianzy%2Fproposals%2F1770063507549-2026-01-28_at_13.13.19.jpeg&t=1770127169706
[2026-02-03T13:59:30.055Z] Request File: boarding-pass.jpg, Original: https://f005.backblazeb2.com/file/allianzy/requests/1770078209059-boarding-pass.jpg, Proxy: /api/files?url=https%3A%2F%2Ff005.backblazeb2.com%2Ffile%2Fallianzy%2Frequests%2F1770078209059-boarding-pass.jpg&t=1770127170055
[2026-02-03T13:59:32.827Z] Requirement File: boarding-pass.jpg, Original: https://f005.backblazeb2.com/file/allianzy/requirements/1770062880308-boarding-pass.jpg, Proxy: /api/files?url=https%3A%2F%2Ff005.backblazeb2.com%2Ffile%2Fallianzy%2Frequirements%2F1770062880308-boarding-pass.jpg&t=1770127172827
[2026-02-03T13:59:33.143Z] Case File: boarding-pass.jpg, Original: https://f005.backblazeb2.com/file/allianzy/cases/1770065445262-boarding-pass.jpg, Proxy: /api/files?url=https%3A%2F%2Ff005.backblazeb2.com%2Ffile%2Fallianzy%2Fcases%2F1770065445262-boarding-pass.jpg&t=1770127173143
[2026-02-03T13:59:33.143Z] Case File: boarding-pass.jpg, Original: https://f005.backblazeb2.com/file/allianzy/cases/1770064914683-boarding-pass.jpg, Proxy: /api/files?url=https%3A%2F%2Ff005.backblazeb2.com%2Ffile%2Fallianzy%2Fcases%2F1770064914683-boarding-pass.jpg&t=1770127173143
[2026-02-03T13:59:33.460Z] Proposal File: 2026-01-28 at 13.13.19.jpeg, Original: https://f005.backblazeb2.com/file/allianzy/proposals/1770063507549-2026-01-28_at_13.13.19.jpeg, Proxy: /api/files?url=https%3A%2F%2Ff005.backblazeb2.com%2Ffile%2Fallianzy%2Fproposals%2F1770063507549-2026-01-28_at_13.13.19.jpeg&t=1770127173460
[2026-02-03T13:59:33.801Z] Request File: boarding-pass.jpg, Original: https://f005.backblazeb2.com/file/allianzy/requests/1770078209059-boarding-pass.jpg, Proxy: /api/files?url=https%3A%2F%2Ff005.backblazeb2.com%2Ffile%2Fallianzy%2Frequests%2F1770078209059-boarding-pass.jpg&t=1770127173801
[2026-02-03T14:00:31.602Z] Requirement File: boarding-pass.jpg, Original: https://f005.backblazeb2.com/file/allianzy/requirements/1770062880308-boarding-pass.jpg, Proxy: /api/files?url=https%3A%2F%2Ff005.backblazeb2.com%2Ffile%2Fallianzy%2Frequirements%2F1770062880308-boarding-pass.jpg&t=1770127231602
[2026-02-03T14:00:31.941Z] Case File: boarding-pass.jpg, Original: https://f005.backblazeb2.com/file/allianzy/cases/1770065445262-boarding-pass.jpg, Proxy: /api/files?url=https%3A%2F%2Ff005.backblazeb2.com%2Ffile%2Fallianzy%2Fcases%2F1770065445262-boarding-pass.jpg&t=1770127231941
[2026-02-03T14:00:31.942Z] Case File: boarding-pass.jpg, Original: https://f005.backblazeb2.com/file/allianzy/cases/1770064914683-boarding-pass.jpg, Proxy: /api/files?url=https%3A%2F%2Ff005.backblazeb2.com%2Ffile%2Fallianzy%2Fcases%2F1770064914683-boarding-pass.jpg&t=1770127231941
[2026-02-03T14:00:32.266Z] Proposal File: 2026-01-28 at 13.13.19.jpeg, Original: https://f005.backblazeb2.com/file/allianzy/proposals/1770063507549-2026-01-28_at_13.13.19.jpeg, Proxy: /api/files?url=https%3A%2F%2Ff005.backblazeb2.com%2Ffile%2Fallianzy%2Fproposals%2F1770063507549-2026-01-28_at_13.13.19.jpeg&t=1770127232266
[2026-02-03T14:00:32.593Z] Request File: boarding-pass.jpg, Original: https://f005.backblazeb2.com/file/allianzy/requests/1770078209059-boarding-pass.jpg, Proxy: /api/files?url=https%3A%2F%2Ff005.backblazeb2.com%2Ffile%2Fallianzy%2Frequests%2F1770078209059-boarding-pass.jpg&t=1770127232593
[2026-02-03T14:10:14.860Z] Requirement File: boarding-pass.jpg, Original: https://f005.backblazeb2.com/file/allianzy/requirements/1770062880308-boarding-pass.jpg, Proxy: /api/files?url=https%3A%2F%2Ff005.backblazeb2.com%2Ffile%2Fallianzy%2Frequirements%2F1770062880308-boarding-pass.jpg&t=1770127814860
[2026-02-03T14:10:15.190Z] Case File: boarding-pass.jpg, Original: https://f005.backblazeb2.com/file/allianzy/cases/1770065445262-boarding-pass.jpg, Proxy: /api/files?url=https%3A%2F%2Ff005.backblazeb2.com%2Ffile%2Fallianzy%2Fcases%2F1770065445262-boarding-pass.jpg&t=1770127815190
[2026-02-03T14:10:15.191Z] Case File: boarding-pass.jpg, Original: https://f005.backblazeb2.com/file/allianzy/cases/1770064914683-boarding-pass.jpg, Proxy: /api/files?url=https%3A%2F%2Ff005.backblazeb2.com%2Ffile%2Fallianzy%2Fcases%2F1770064914683-boarding-pass.jpg&t=1770127815190
[2026-02-03T14:10:15.232Z] Requirement File: boarding-pass.jpg, Original: https://f005.backblazeb2.com/file/allianzy/requirements/1770062880308-boarding-pass.jpg, Proxy: /api/files?url=https%3A%2F%2Ff005.backblazeb2.com%2Ffile%2Fallianzy%2Frequirements%2F1770062880308-boarding-pass.jpg&t=1770127815232
[2026-02-03T14:10:15.355Z] Proposal File: 2026-01-28 at 13.13.19.jpeg, Original: https://f005.backblazeb2.com/file/allianzy/proposals/1770063507549-2026-01-28_at_13.13.19.jpeg, Proxy: /api/files?url=https%3A%2F%2Ff005.backblazeb2.com%2Ffile%2Fallianzy%2Fproposals%2F1770063507549-2026-01-28_at_13.13.19.jpeg&t=1770127815355
[2026-02-03T14:10:15.546Z] Case File: boarding-pass.jpg, Original: https://f005.backblazeb2.com/file/allianzy/cases/1770065445262-boarding-pass.jpg, Proxy: /api/files?url=https%3A%2F%2Ff005.backblazeb2.com%2Ffile%2Fallianzy%2Fcases%2F1770065445262-boarding-pass.jpg&t=1770127815546
[2026-02-03T14:10:15.547Z] Case File: boarding-pass.jpg, Original: https://f005.backblazeb2.com/file/allianzy/cases/1770064914683-boarding-pass.jpg, Proxy: /api/files?url=https%3A%2F%2Ff005.backblazeb2.com%2Ffile%2Fallianzy%2Fcases%2F1770064914683-boarding-pass.jpg&t=1770127815546
[2026-02-03T14:10:15.675Z] Request File: boarding-pass.jpg, Original: https://f005.backblazeb2.com/file/allianzy/requests/1770078209059-boarding-pass.jpg, Proxy: /api/files?url=https%3A%2F%2Ff005.backblazeb2.com%2Ffile%2Fallianzy%2Frequests%2F1770078209059-boarding-pass.jpg&t=1770127815675
[2026-02-03T14:10:15.869Z] Proposal File: 2026-01-28 at 13.13.19.jpeg, Original: https://f005.backblazeb2.com/file/allianzy/proposals/1770063507549-2026-01-28_at_13.13.19.jpeg, Proxy: /api/files?url=https%3A%2F%2Ff005.backblazeb2.com%2Ffile%2Fallianzy%2Fproposals%2F1770063507549-2026-01-28_at_13.13.19.jpeg&t=1770127815869
[2026-02-03T14:10:16.188Z] Request File: boarding-pass.jpg, Original: https://f005.backblazeb2.com/file/allianzy/requests/1770078209059-boarding-pass.jpg, Proxy: /api/files?url=https%3A%2F%2Ff005.backblazeb2.com%2Ffile%2Fallianzy%2Frequests%2F1770078209059-boarding-pass.jpg&t=1770127816188
[2026-02-03T14:10:18.355Z] Requirement File: boarding-pass.jpg, Original: https://f005.backblazeb2.com/file/allianzy/requirements/1770062880308-boarding-pass.jpg, Proxy: /api/files?url=https%3A%2F%2Ff005.backblazeb2.com%2Ffile%2Fallianzy%2Frequirements%2F1770062880308-boarding-pass.jpg&t=1770127818355
[2026-02-03T14:10:18.670Z] Case File: boarding-pass.jpg, Original: https://f005.backblazeb2.com/file/allianzy/cases/1770065445262-boarding-pass.jpg, Proxy: /api/files?url=https%3A%2F%2Ff005.backblazeb2.com%2Ffile%2Fallianzy%2Fcases%2F1770065445262-boarding-pass.jpg&t=1770127818670
[2026-02-03T14:10:18.670Z] Case File: boarding-pass.jpg, Original: https://f005.backblazeb2.com/file/allianzy/cases/1770064914683-boarding-pass.jpg, Proxy: /api/files?url=https%3A%2F%2Ff005.backblazeb2.com%2Ffile%2Fallianzy%2Fcases%2F1770064914683-boarding-pass.jpg&t=1770127818670
[2026-02-03T14:10:18.827Z] Proposal File: 2026-01-28 at 13.13.19.jpeg, Original: https://f005.backblazeb2.com/file/allianzy/proposals/1770063507549-2026-01-28_at_13.13.19.jpeg, Proxy: /api/files?url=https%3A%2F%2Ff005.backblazeb2.com%2Ffile%2Fallianzy%2Fproposals%2F1770063507549-2026-01-28_at_13.13.19.jpeg&t=1770127818827
[2026-02-03T14:10:19.144Z] Request File: boarding-pass.jpg, Original: https://f005.backblazeb2.com/file/allianzy/requests/1770078209059-boarding-pass.jpg, Proxy: /api/files?url=https%3A%2F%2Ff005.backblazeb2.com%2Ffile%2Fallianzy%2Frequests%2F1770078209059-boarding-pass.jpg&t=1770127819144
[2026-02-03T14:10:20.662Z] Requirement File: boarding-pass.jpg, Original: https://f005.backblazeb2.com/file/allianzy/requirements/1770062880308-boarding-pass.jpg, Proxy: /api/files?url=https%3A%2F%2Ff005.backblazeb2.com%2Ffile%2Fallianzy%2Frequirements%2F1770062880308-boarding-pass.jpg&t=1770127820662
[2026-02-03T14:10:20.983Z] Case File: boarding-pass.jpg, Original: https://f005.backblazeb2.com/file/allianzy/cases/1770065445262-boarding-pass.jpg, Proxy: /api/files?url=https%3A%2F%2Ff005.backblazeb2.com%2Ffile%2Fallianzy%2Fcases%2F1770065445262-boarding-pass.jpg&t=1770127820983
[2026-02-03T14:10:20.986Z] Case File: boarding-pass.jpg, Original: https://f005.backblazeb2.com/file/allianzy/cases/1770064914683-boarding-pass.jpg, Proxy: /api/files?url=https%3A%2F%2Ff005.backblazeb2.com%2Ffile%2Fallianzy%2Fcases%2F1770064914683-boarding-pass.jpg&t=1770127820983
[2026-02-03T14:10:21.149Z] Proposal File: 2026-01-28 at 13.13.19.jpeg, Original: https://f005.backblazeb2.com/file/allianzy/proposals/1770063507549-2026-01-28_at_13.13.19.jpeg, Proxy: /api/files?url=https%3A%2F%2Ff005.backblazeb2.com%2Ffile%2Fallianzy%2Fproposals%2F1770063507549-2026-01-28_at_13.13.19.jpeg&t=1770127821149
[2026-02-03T14:10:21.468Z] Request File: boarding-pass.jpg, Original: https://f005.backblazeb2.com/file/allianzy/requests/1770078209059-boarding-pass.jpg, Proxy: /api/files?url=https%3A%2F%2Ff005.backblazeb2.com%2Ffile%2Fallianzy%2Frequests%2F1770078209059-boarding-pass.jpg&t=1770127821468
[2026-02-03T14:10:24.175Z] Requirement File: boarding-pass.jpg, Original: https://f005.backblazeb2.com/file/allianzy/requirements/1770062880308-boarding-pass.jpg, Proxy: /api/files?url=https%3A%2F%2Ff005.backblazeb2.com%2Ffile%2Fallianzy%2Frequirements%2F1770062880308-boarding-pass.jpg&t=1770127824175
[2026-02-03T14:10:24.494Z] Case File: boarding-pass.jpg, Original: https://f005.backblazeb2.com/file/allianzy/cases/1770065445262-boarding-pass.jpg, Proxy: /api/files?url=https%3A%2F%2Ff005.backblazeb2.com%2Ffile%2Fallianzy%2Fcases%2F1770065445262-boarding-pass.jpg&t=1770127824494
[2026-02-03T14:10:24.494Z] Case File: boarding-pass.jpg, Original: https://f005.backblazeb2.com/file/allianzy/cases/1770064914683-boarding-pass.jpg, Proxy: /api/files?url=https%3A%2F%2Ff005.backblazeb2.com%2Ffile%2Fallianzy%2Fcases%2F1770064914683-boarding-pass.jpg&t=1770127824494
[2026-02-03T14:10:24.810Z] Proposal File: 2026-01-28 at 13.13.19.jpeg, Original: https://f005.backblazeb2.com/file/allianzy/proposals/1770063507549-2026-01-28_at_13.13.19.jpeg, Proxy: /api/files?url=https%3A%2F%2Ff005.backblazeb2.com%2Ffile%2Fallianzy%2Fproposals%2F1770063507549-2026-01-28_at_13.13.19.jpeg&t=1770127824810
[2026-02-03T14:10:25.129Z] Request File: boarding-pass.jpg, Original: https://f005.backblazeb2.com/file/allianzy/requests/1770078209059-boarding-pass.jpg, Proxy: /api/files?url=https%3A%2F%2Ff005.backblazeb2.com%2Ffile%2Fallianzy%2Frequests%2F1770078209059-boarding-pass.jpg&t=1770127825129
[2026-02-03T14:10:47.299Z] Requirement File: boarding-pass.jpg, Original: https://f005.backblazeb2.com/file/allianzy/requirements/1770062880308-boarding-pass.jpg, Proxy: /api/files?url=https%3A%2F%2Ff005.backblazeb2.com%2Ffile%2Fallianzy%2Frequirements%2F1770062880308-boarding-pass.jpg&t=1770127847299
[2026-02-03T14:10:47.626Z] Case File: boarding-pass.jpg, Original: https://f005.backblazeb2.com/file/allianzy/cases/1770065445262-boarding-pass.jpg, Proxy: /api/files?url=https%3A%2F%2Ff005.backblazeb2.com%2Ffile%2Fallianzy%2Fcases%2F1770065445262-boarding-pass.jpg&t=1770127847626
[2026-02-03T14:10:47.627Z] Case File: boarding-pass.jpg, Original: https://f005.backblazeb2.com/file/allianzy/cases/1770064914683-boarding-pass.jpg, Proxy: /api/files?url=https%3A%2F%2Ff005.backblazeb2.com%2Ffile%2Fallianzy%2Fcases%2F1770064914683-boarding-pass.jpg&t=1770127847626
[2026-02-03T14:10:47.954Z] Proposal File: 2026-01-28 at 13.13.19.jpeg, Original: https://f005.backblazeb2.com/file/allianzy/proposals/1770063507549-2026-01-28_at_13.13.19.jpeg, Proxy: /api/files?url=https%3A%2F%2Ff005.backblazeb2.com%2Ffile%2Fallianzy%2Fproposals%2F1770063507549-2026-01-28_at_13.13.19.jpeg&t=1770127847954
[2026-02-03T14:10:48.296Z] Request File: boarding-pass.jpg, Original: https://f005.backblazeb2.com/file/allianzy/requests/1770078209059-boarding-pass.jpg, Proxy: /api/files?url=https%3A%2F%2Ff005.backblazeb2.com%2Ffile%2Fallianzy%2Frequests%2F1770078209059-boarding-pass.jpg&t=1770127848296
[2026-02-03T14:11:30.288Z] Requirement File: boarding-pass.jpg, Original: https://f005.backblazeb2.com/file/allianzy/requirements/1770062880308-boarding-pass.jpg, Proxy: /api/files?url=https%3A%2F%2Ff005.backblazeb2.com%2Ffile%2Fallianzy%2Frequirements%2F1770062880308-boarding-pass.jpg&t=1770127890288
[2026-02-03T14:11:30.608Z] Case File: boarding-pass.jpg, Original: https://f005.backblazeb2.com/file/allianzy/cases/1770065445262-boarding-pass.jpg, Proxy: /api/files?url=https%3A%2F%2Ff005.backblazeb2.com%2Ffile%2Fallianzy%2Fcases%2F1770065445262-boarding-pass.jpg&t=1770127890608
[2026-02-03T14:11:30.608Z] Case File: boarding-pass.jpg, Original: https://f005.backblazeb2.com/file/allianzy/cases/1770064914683-boarding-pass.jpg, Proxy: /api/files?url=https%3A%2F%2Ff005.backblazeb2.com%2Ffile%2Fallianzy%2Fcases%2F1770064914683-boarding-pass.jpg&t=1770127890608
[2026-02-03T14:11:30.771Z] Proposal File: 2026-01-28 at 13.13.19.jpeg, Original: https://f005.backblazeb2.com/file/allianzy/proposals/1770063507549-2026-01-28_at_13.13.19.jpeg, Proxy: /api/files?url=https%3A%2F%2Ff005.backblazeb2.com%2Ffile%2Fallianzy%2Fproposals%2F1770063507549-2026-01-28_at_13.13.19.jpeg&t=1770127890771
[2026-02-03T14:11:31.088Z] Request File: boarding-pass.jpg, Original: https://f005.backblazeb2.com/file/allianzy/requests/1770078209059-boarding-pass.jpg, Proxy: /api/files?url=https%3A%2F%2Ff005.backblazeb2.com%2Ffile%2Fallianzy%2Frequests%2F1770078209059-boarding-pass.jpg&t=1770127891088
[2026-02-03T14:14:28.631Z] Requirement File: boarding-pass.jpg, Original: https://f005.backblazeb2.com/file/allianzy/requirements/1770062880308-boarding-pass.jpg, Proxy: /api/files?url=https%3A%2F%2Ff005.backblazeb2.com%2Ffile%2Fallianzy%2Frequirements%2F1770062880308-boarding-pass.jpg&t=1770128068631
[2026-02-03T14:14:28.949Z] Case File: boarding-pass.jpg, Original: https://f005.backblazeb2.com/file/allianzy/cases/1770065445262-boarding-pass.jpg, Proxy: /api/files?url=https%3A%2F%2Ff005.backblazeb2.com%2Ffile%2Fallianzy%2Fcases%2F1770065445262-boarding-pass.jpg&t=1770128068949
[2026-02-03T14:14:28.950Z] Case File: boarding-pass.jpg, Original: https://f005.backblazeb2.com/file/allianzy/cases/1770064914683-boarding-pass.jpg, Proxy: /api/files?url=https%3A%2F%2Ff005.backblazeb2.com%2Ffile%2Fallianzy%2Fcases%2F1770064914683-boarding-pass.jpg&t=1770128068949
[2026-02-03T14:14:29.109Z] Proposal File: 2026-01-28 at 13.13.19.jpeg, Original: https://f005.backblazeb2.com/file/allianzy/proposals/1770063507549-2026-01-28_at_13.13.19.jpeg, Proxy: /api/files?url=https%3A%2F%2Ff005.backblazeb2.com%2Ffile%2Fallianzy%2Fproposals%2F1770063507549-2026-01-28_at_13.13.19.jpeg&t=1770128069109
[2026-02-03T14:14:29.425Z] Request File: boarding-pass.jpg, Original: https://f005.backblazeb2.com/file/allianzy/requests/1770078209059-boarding-pass.jpg, Proxy: /api/files?url=https%3A%2F%2Ff005.backblazeb2.com%2Ffile%2Fallianzy%2Frequests%2F1770078209059-boarding-pass.jpg&t=1770128069425
[2026-02-03T14:14:32.251Z] Requirement File: boarding-pass.jpg, Original: https://f005.backblazeb2.com/file/allianzy/requirements/1770062880308-boarding-pass.jpg, Proxy: /api/files?url=https%3A%2F%2Ff005.backblazeb2.com%2Ffile%2Fallianzy%2Frequirements%2F1770062880308-boarding-pass.jpg&t=1770128072251
[2026-02-03T14:14:32.569Z] Case File: boarding-pass.jpg, Original: https://f005.backblazeb2.com/file/allianzy/cases/1770065445262-boarding-pass.jpg, Proxy: /api/files?url=https%3A%2F%2Ff005.backblazeb2.com%2Ffile%2Fallianzy%2Fcases%2F1770065445262-boarding-pass.jpg&t=1770128072569
[2026-02-03T14:14:32.570Z] Case File: boarding-pass.jpg, Original: https://f005.backblazeb2.com/file/allianzy/cases/1770064914683-boarding-pass.jpg, Proxy: /api/files?url=https%3A%2F%2Ff005.backblazeb2.com%2Ffile%2Fallianzy%2Fcases%2F1770064914683-boarding-pass.jpg&t=1770128072569
[2026-02-03T14:14:32.889Z] Proposal File: 2026-01-28 at 13.13.19.jpeg, Original: https://f005.backblazeb2.com/file/allianzy/proposals/1770063507549-2026-01-28_at_13.13.19.jpeg, Proxy: /api/files?url=https%3A%2F%2Ff005.backblazeb2.com%2Ffile%2Fallianzy%2Fproposals%2F1770063507549-2026-01-28_at_13.13.19.jpeg&t=1770128072889
[2026-02-03T14:14:33.207Z] Request File: boarding-pass.jpg, Original: https://f005.backblazeb2.com/file/allianzy/requests/1770078209059-boarding-pass.jpg, Proxy: /api/files?url=https%3A%2F%2Ff005.backblazeb2.com%2Ffile%2Fallianzy%2Frequests%2F1770078209059-boarding-pass.jpg&t=1770128073207
[2026-02-03T14:14:40.115Z] Requirement File: boarding-pass.jpg, Original: https://f005.backblazeb2.com/file/allianzy/requirements/1770062880308-boarding-pass.jpg, Proxy: /api/files?url=https%3A%2F%2Ff005.backblazeb2.com%2Ffile%2Fallianzy%2Frequirements%2F1770062880308-boarding-pass.jpg&t=1770128080115
[2026-02-03T14:14:40.438Z] Case File: boarding-pass.jpg, Original: https://f005.backblazeb2.com/file/allianzy/cases/1770065445262-boarding-pass.jpg, Proxy: /api/files?url=https%3A%2F%2Ff005.backblazeb2.com%2Ffile%2Fallianzy%2Fcases%2F1770065445262-boarding-pass.jpg&t=1770128080438
[2026-02-03T14:14:40.438Z] Case File: boarding-pass.jpg, Original: https://f005.backblazeb2.com/file/allianzy/cases/1770064914683-boarding-pass.jpg, Proxy: /api/files?url=https%3A%2F%2Ff005.backblazeb2.com%2Ffile%2Fallianzy%2Fcases%2F1770064914683-boarding-pass.jpg&t=1770128080438
[2026-02-03T14:14:40.628Z] Proposal File: 2026-01-28 at 13.13.19.jpeg, Original: https://f005.backblazeb2.com/file/allianzy/proposals/1770063507549-2026-01-28_at_13.13.19.jpeg, Proxy: /api/files?url=https%3A%2F%2Ff005.backblazeb2.com%2Ffile%2Fallianzy%2Fproposals%2F1770063507549-2026-01-28_at_13.13.19.jpeg&t=1770128080628
[2026-02-03T14:14:40.980Z] Requirement File: boarding-pass.jpg, Original: https://f005.backblazeb2.com/file/allianzy/requirements/1770062880308-boarding-pass.jpg, Proxy: /api/files?url=https%3A%2F%2Ff005.backblazeb2.com%2Ffile%2Fallianzy%2Frequirements%2F1770062880308-boarding-pass.jpg&t=1770128080980
[2026-02-03T14:14:41.271Z] Request File: boarding-pass.jpg, Original: https://f005.backblazeb2.com/file/allianzy/requests/1770078209059-boarding-pass.jpg, Proxy: /api/files?url=https%3A%2F%2Ff005.backblazeb2.com%2Ffile%2Fallianzy%2Frequests%2F1770078209059-boarding-pass.jpg&t=1770128081271
[2026-02-03T14:14:41.343Z] Case File: boarding-pass.jpg, Original: https://f005.backblazeb2.com/file/allianzy/cases/1770065445262-boarding-pass.jpg, Proxy: /api/files?url=https%3A%2F%2Ff005.backblazeb2.com%2Ffile%2Fallianzy%2Fcases%2F1770065445262-boarding-pass.jpg&t=1770128081343
[2026-02-03T14:14:41.344Z] Case File: boarding-pass.jpg, Original: https://f005.backblazeb2.com/file/allianzy/cases/1770064914683-boarding-pass.jpg, Proxy: /api/files?url=https%3A%2F%2Ff005.backblazeb2.com%2Ffile%2Fallianzy%2Fcases%2F1770064914683-boarding-pass.jpg&t=1770128081343
[2026-02-03T14:14:41.834Z] Proposal File: 2026-01-28 at 13.13.19.jpeg, Original: https://f005.backblazeb2.com/file/allianzy/proposals/1770063507549-2026-01-28_at_13.13.19.jpeg, Proxy: /api/files?url=https%3A%2F%2Ff005.backblazeb2.com%2Ffile%2Fallianzy%2Fproposals%2F1770063507549-2026-01-28_at_13.13.19.jpeg&t=1770128081834
[2026-02-03T14:14:42.159Z] Request File: boarding-pass.jpg, Original: https://f005.backblazeb2.com/file/allianzy/requests/1770078209059-boarding-pass.jpg, Proxy: /api/files?url=https%3A%2F%2Ff005.backblazeb2.com%2Ffile%2Fallianzy%2Frequests%2F1770078209059-boarding-pass.jpg&t=1770128082159
[2026-02-03T14:16:06.983Z] Requirement File: boarding-pass.jpg, Original: https://f005.backblazeb2.com/file/allianzy/requirements/1770062880308-boarding-pass.jpg, Proxy: /api/files?url=https%3A%2F%2Ff005.backblazeb2.com%2Ffile%2Fallianzy%2Frequirements%2F1770062880308-boarding-pass.jpg&t=1770128166983
[2026-02-03T14:16:07.613Z] Case File: boarding-pass.jpg, Original: https://f005.backblazeb2.com/file/allianzy/cases/1770065445262-boarding-pass.jpg, Proxy: /api/files?url=https%3A%2F%2Ff005.backblazeb2.com%2Ffile%2Fallianzy%2Fcases%2F1770065445262-boarding-pass.jpg&t=1770128167613
[2026-02-03T14:16:07.613Z] Case File: boarding-pass.jpg, Original: https://f005.backblazeb2.com/file/allianzy/cases/1770064914683-boarding-pass.jpg, Proxy: /api/files?url=https%3A%2F%2Ff005.backblazeb2.com%2Ffile%2Fallianzy%2Fcases%2F1770064914683-boarding-pass.jpg&t=1770128167613
[2026-02-03T14:16:07.710Z] Requirement File: boarding-pass.jpg, Original: https://f005.backblazeb2.com/file/allianzy/requirements/1770062880308-boarding-pass.jpg, Proxy: /api/files?url=https%3A%2F%2Ff005.backblazeb2.com%2Ffile%2Fallianzy%2Frequirements%2F1770062880308-boarding-pass.jpg&t=1770128167710
[2026-02-03T14:16:07.928Z] Proposal File: 2026-01-28 at 13.13.19.jpeg, Original: https://f005.backblazeb2.com/file/allianzy/proposals/1770063507549-2026-01-28_at_13.13.19.jpeg, Proxy: /api/files?url=https%3A%2F%2Ff005.backblazeb2.com%2Ffile%2Fallianzy%2Fproposals%2F1770063507549-2026-01-28_at_13.13.19.jpeg&t=1770128167928
[2026-02-03T14:16:08.025Z] Case File: boarding-pass.jpg, Original: https://f005.backblazeb2.com/file/allianzy/cases/1770065445262-boarding-pass.jpg, Proxy: /api/files?url=https%3A%2F%2Ff005.backblazeb2.com%2Ffile%2Fallianzy%2Fcases%2F1770065445262-boarding-pass.jpg&t=1770128168025
[2026-02-03T14:16:08.025Z] Case File: boarding-pass.jpg, Original: https://f005.backblazeb2.com/file/allianzy/cases/1770064914683-boarding-pass.jpg, Proxy: /api/files?url=https%3A%2F%2Ff005.backblazeb2.com%2Ffile%2Fallianzy%2Fcases%2F1770064914683-boarding-pass.jpg&t=1770128168025
[2026-02-03T14:16:08.241Z] Request File: boarding-pass.jpg, Original: https://f005.backblazeb2.com/file/allianzy/requests/1770128154162-boarding-pass.jpg, Proxy: /api/files?url=https%3A%2F%2Ff005.backblazeb2.com%2Ffile%2Fallianzy%2Frequests%2F1770128154162-boarding-pass.jpg&t=1770128168241
[2026-02-03T14:16:08.241Z] Request File: boarding-pass.jpg, Original: https://f005.backblazeb2.com/file/allianzy/requests/1770078209059-boarding-pass.jpg, Proxy: /api/files?url=https%3A%2F%2Ff005.backblazeb2.com%2Ffile%2Fallianzy%2Frequests%2F1770078209059-boarding-pass.jpg&t=1770128168241
[2026-02-03T14:16:08.393Z] Proposal File: 2026-01-28 at 13.13.19.jpeg, Original: https://f005.backblazeb2.com/file/allianzy/proposals/1770063507549-2026-01-28_at_13.13.19.jpeg, Proxy: /api/files?url=https%3A%2F%2Ff005.backblazeb2.com%2Ffile%2Fallianzy%2Fproposals%2F1770063507549-2026-01-28_at_13.13.19.jpeg&t=1770128168393
[2026-02-03T14:16:08.769Z] Request File: boarding-pass.jpg, Original: https://f005.backblazeb2.com/file/allianzy/requests/1770128154162-boarding-pass.jpg, Proxy: /api/files?url=https%3A%2F%2Ff005.backblazeb2.com%2Ffile%2Fallianzy%2Frequests%2F1770128154162-boarding-pass.jpg&t=1770128168769
[2026-02-03T14:16:08.770Z] Request File: boarding-pass.jpg, Original: https://f005.backblazeb2.com/file/allianzy/requests/1770078209059-boarding-pass.jpg, Proxy: /api/files?url=https%3A%2F%2Ff005.backblazeb2.com%2Ffile%2Fallianzy%2Frequests%2F1770078209059-boarding-pass.jpg&t=1770128168769
[2026-02-03T14:17:44.002Z] Requirement File: boarding-pass.jpg, Original: https://f005.backblazeb2.com/file/allianzy/requirements/1770062880308-boarding-pass.jpg, Proxy: /api/files?url=https%3A%2F%2Ff005.backblazeb2.com%2Ffile%2Fallianzy%2Frequirements%2F1770062880308-boarding-pass.jpg&t=1770128264002
[2026-02-03T14:17:44.319Z] Case File: boarding-pass.jpg, Original: https://f005.backblazeb2.com/file/allianzy/cases/1770065445262-boarding-pass.jpg, Proxy: /api/files?url=https%3A%2F%2Ff005.backblazeb2.com%2Ffile%2Fallianzy%2Fcases%2F1770065445262-boarding-pass.jpg&t=1770128264319
[2026-02-03T14:17:44.320Z] Case File: boarding-pass.jpg, Original: https://f005.backblazeb2.com/file/allianzy/cases/1770064914683-boarding-pass.jpg, Proxy: /api/files?url=https%3A%2F%2Ff005.backblazeb2.com%2Ffile%2Fallianzy%2Fcases%2F1770064914683-boarding-pass.jpg&t=1770128264319
[2026-02-03T14:17:44.825Z] Proposal File: 2026-01-28 at 13.13.19.jpeg, Original: https://f005.backblazeb2.com/file/allianzy/proposals/1770063507549-2026-01-28_at_13.13.19.jpeg, Proxy: /api/files?url=https%3A%2F%2Ff005.backblazeb2.com%2Ffile%2Fallianzy%2Fproposals%2F1770063507549-2026-01-28_at_13.13.19.jpeg&t=1770128264825
[2026-02-03T14:17:44.827Z] Requirement File: boarding-pass.jpg, Original: https://f005.backblazeb2.com/file/allianzy/requirements/1770062880308-boarding-pass.jpg, Proxy: /api/files?url=https%3A%2F%2Ff005.backblazeb2.com%2Ffile%2Fallianzy%2Frequirements%2F1770062880308-boarding-pass.jpg&t=1770128264827
[2026-02-03T14:17:45.154Z] Request File: boarding-pass.jpg, Original: https://f005.backblazeb2.com/file/allianzy/requests/1770128154162-boarding-pass.jpg, Proxy: /api/files?url=https%3A%2F%2Ff005.backblazeb2.com%2Ffile%2Fallianzy%2Frequests%2F1770128154162-boarding-pass.jpg&t=1770128265154
[2026-02-03T14:17:45.155Z] Request File: boarding-pass.jpg, Original: https://f005.backblazeb2.com/file/allianzy/requests/1770078209059-boarding-pass.jpg, Proxy: /api/files?url=https%3A%2F%2Ff005.backblazeb2.com%2Ffile%2Fallianzy%2Frequests%2F1770078209059-boarding-pass.jpg&t=1770128265154
[2026-02-03T14:17:45.498Z] Case File: boarding-pass.jpg, Original: https://f005.backblazeb2.com/file/allianzy/cases/1770065445262-boarding-pass.jpg, Proxy: /api/files?url=https%3A%2F%2Ff005.backblazeb2.com%2Ffile%2Fallianzy%2Fcases%2F1770065445262-boarding-pass.jpg&t=1770128265498
[2026-02-03T14:17:45.499Z] Case File: boarding-pass.jpg, Original: https://f005.backblazeb2.com/file/allianzy/cases/1770064914683-boarding-pass.jpg, Proxy: /api/files?url=https%3A%2F%2Ff005.backblazeb2.com%2Ffile%2Fallianzy%2Fcases%2F1770064914683-boarding-pass.jpg&t=1770128265498
[2026-02-03T14:17:45.817Z] Proposal File: 2026-01-28 at 13.13.19.jpeg, Original: https://f005.backblazeb2.com/file/allianzy/proposals/1770063507549-2026-01-28_at_13.13.19.jpeg, Proxy: /api/files?url=https%3A%2F%2Ff005.backblazeb2.com%2Ffile%2Fallianzy%2Fproposals%2F1770063507549-2026-01-28_at_13.13.19.jpeg&t=1770128265817
[2026-02-03T14:17:46.135Z] Request File: boarding-pass.jpg, Original: https://f005.backblazeb2.com/file/allianzy/requests/1770128154162-boarding-pass.jpg, Proxy: /api/files?url=https%3A%2F%2Ff005.backblazeb2.com%2Ffile%2Fallianzy%2Frequests%2F1770128154162-boarding-pass.jpg&t=1770128266135
[2026-02-03T14:17:46.136Z] Request File: boarding-pass.jpg, Original: https://f005.backblazeb2.com/file/allianzy/requests/1770078209059-boarding-pass.jpg, Proxy: /api/files?url=https%3A%2F%2Ff005.backblazeb2.com%2Ffile%2Fallianzy%2Frequests%2F1770078209059-boarding-pass.jpg&t=1770128266135
[2026-02-03T14:17:55.217Z] Requirement File: boarding-pass.jpg, Original: https://f005.backblazeb2.com/file/allianzy/requirements/1770062880308-boarding-pass.jpg, Proxy: /api/files?url=https%3A%2F%2Ff005.backblazeb2.com%2Ffile%2Fallianzy%2Frequirements%2F1770062880308-boarding-pass.jpg&t=1770128275217
[2026-02-03T14:17:55.534Z] Case File: boarding-pass.jpg, Original: https://f005.backblazeb2.com/file/allianzy/cases/1770065445262-boarding-pass.jpg, Proxy: /api/files?url=https%3A%2F%2Ff005.backblazeb2.com%2Ffile%2Fallianzy%2Fcases%2F1770065445262-boarding-pass.jpg&t=1770128275533
[2026-02-03T14:17:55.535Z] Case File: boarding-pass.jpg, Original: https://f005.backblazeb2.com/file/allianzy/cases/1770064914683-boarding-pass.jpg, Proxy: /api/files?url=https%3A%2F%2Ff005.backblazeb2.com%2Ffile%2Fallianzy%2Fcases%2F1770064914683-boarding-pass.jpg&t=1770128275534
[2026-02-03T14:17:55.696Z] Proposal File: 2026-01-28 at 13.13.19.jpeg, Original: https://f005.backblazeb2.com/file/allianzy/proposals/1770063507549-2026-01-28_at_13.13.19.jpeg, Proxy: /api/files?url=https%3A%2F%2Ff005.backblazeb2.com%2Ffile%2Fallianzy%2Fproposals%2F1770063507549-2026-01-28_at_13.13.19.jpeg&t=1770128275696
[2026-02-03T14:17:56.025Z] Request File: boarding-pass.jpg, Original: https://f005.backblazeb2.com/file/allianzy/requests/1770128154162-boarding-pass.jpg, Proxy: /api/files?url=https%3A%2F%2Ff005.backblazeb2.com%2Ffile%2Fallianzy%2Frequests%2F1770128154162-boarding-pass.jpg&t=1770128276024
[2026-02-03T14:17:56.025Z] Request File: boarding-pass.jpg, Original: https://f005.backblazeb2.com/file/allianzy/requests/1770078209059-boarding-pass.jpg, Proxy: /api/files?url=https%3A%2F%2Ff005.backblazeb2.com%2Ffile%2Fallianzy%2Frequests%2F1770078209059-boarding-pass.jpg&t=1770128276025
[2026-02-03T14:17:57.339Z] Requirement File: boarding-pass.jpg, Original: https://f005.backblazeb2.com/file/allianzy/requirements/1770062880308-boarding-pass.jpg, Proxy: /api/files?url=https%3A%2F%2Ff005.backblazeb2.com%2Ffile%2Fallianzy%2Frequirements%2F1770062880308-boarding-pass.jpg&t=1770128277339
[2026-02-03T14:17:57.653Z] Case File: boarding-pass.jpg, Original: https://f005.backblazeb2.com/file/allianzy/cases/1770065445262-boarding-pass.jpg, Proxy: /api/files?url=https%3A%2F%2Ff005.backblazeb2.com%2Ffile%2Fallianzy%2Fcases%2F1770065445262-boarding-pass.jpg&t=1770128277653
[2026-02-03T14:17:57.654Z] Case File: boarding-pass.jpg, Original: https://f005.backblazeb2.com/file/allianzy/cases/1770064914683-boarding-pass.jpg, Proxy: /api/files?url=https%3A%2F%2Ff005.backblazeb2.com%2Ffile%2Fallianzy%2Fcases%2F1770064914683-boarding-pass.jpg&t=1770128277653
[2026-02-03T14:17:57.970Z] Proposal File: 2026-01-28 at 13.13.19.jpeg, Original: https://f005.backblazeb2.com/file/allianzy/proposals/1770063507549-2026-01-28_at_13.13.19.jpeg, Proxy: /api/files?url=https%3A%2F%2Ff005.backblazeb2.com%2Ffile%2Fallianzy%2Fproposals%2F1770063507549-2026-01-28_at_13.13.19.jpeg&t=1770128277970
[2026-02-03T14:17:58.290Z] Request File: boarding-pass.jpg, Original: https://f005.backblazeb2.com/file/allianzy/requests/1770128154162-boarding-pass.jpg, Proxy: /api/files?url=https%3A%2F%2Ff005.backblazeb2.com%2Ffile%2Fallianzy%2Frequests%2F1770128154162-boarding-pass.jpg&t=1770128278290
[2026-02-03T14:17:58.291Z] Request File: boarding-pass.jpg, Original: https://f005.backblazeb2.com/file/allianzy/requests/1770078209059-boarding-pass.jpg, Proxy: /api/files?url=https%3A%2F%2Ff005.backblazeb2.com%2Ffile%2Fallianzy%2Frequests%2F1770078209059-boarding-pass.jpg&t=1770128278290
[2026-02-03T14:18:17.643Z] Requirement File: boarding-pass.jpg, Original: https://f005.backblazeb2.com/file/allianzy/requirements/1770062880308-boarding-pass.jpg, Proxy: /api/files?url=https%3A%2F%2Ff005.backblazeb2.com%2Ffile%2Fallianzy%2Frequirements%2F1770062880308-boarding-pass.jpg&t=1770128297643
[2026-02-03T14:18:17.968Z] Case File: boarding-pass.jpg, Original: https://f005.backblazeb2.com/file/allianzy/cases/1770065445262-boarding-pass.jpg, Proxy: /api/files?url=https%3A%2F%2Ff005.backblazeb2.com%2Ffile%2Fallianzy%2Fcases%2F1770065445262-boarding-pass.jpg&t=1770128297968
[2026-02-03T14:18:17.968Z] Case File: boarding-pass.jpg, Original: https://f005.backblazeb2.com/file/allianzy/cases/1770064914683-boarding-pass.jpg, Proxy: /api/files?url=https%3A%2F%2Ff005.backblazeb2.com%2Ffile%2Fallianzy%2Fcases%2F1770064914683-boarding-pass.jpg&t=1770128297968
[2026-02-03T14:18:18.295Z] Proposal File: 2026-01-28 at 13.13.19.jpeg, Original: https://f005.backblazeb2.com/file/allianzy/proposals/1770063507549-2026-01-28_at_13.13.19.jpeg, Proxy: /api/files?url=https%3A%2F%2Ff005.backblazeb2.com%2Ffile%2Fallianzy%2Fproposals%2F1770063507549-2026-01-28_at_13.13.19.jpeg&t=1770128298295
[2026-02-03T14:18:18.619Z] Request File: boarding-pass.jpg, Original: https://f005.backblazeb2.com/file/allianzy/requests/1770128154162-boarding-pass.jpg, Proxy: /api/files?url=https%3A%2F%2Ff005.backblazeb2.com%2Ffile%2Fallianzy%2Frequests%2F1770128154162-boarding-pass.jpg&t=1770128298619
[2026-02-03T14:18:18.620Z] Request File: boarding-pass.jpg, Original: https://f005.backblazeb2.com/file/allianzy/requests/1770078209059-boarding-pass.jpg, Proxy: /api/files?url=https%3A%2F%2Ff005.backblazeb2.com%2Ffile%2Fallianzy%2Frequests%2F1770078209059-boarding-pass.jpg&t=1770128298619
[2026-02-03T14:22:02.768Z] Requirement File: boarding-pass.jpg, Original: https://f005.backblazeb2.com/file/allianzy/requirements/1770062880308-boarding-pass.jpg, Proxy: /allianzy/api/files?url=https%3A%2F%2Ff005.backblazeb2.com%2Ffile%2Fallianzy%2Frequirements%2F1770062880308-boarding-pass.jpg&t=1770128522768
[2026-02-03T14:22:02.864Z] Requirement File: boarding-pass.jpg, Original: https://f005.backblazeb2.com/file/allianzy/requirements/1770062880308-boarding-pass.jpg, Proxy: /api/files?url=https%3A%2F%2Ff005.backblazeb2.com%2Ffile%2Fallianzy%2Frequirements%2F1770062880308-boarding-pass.jpg&t=1770128522864
[2026-02-03T14:22:02.871Z] Requirement File: boarding-pass.jpg, Original: https://f005.backblazeb2.com/file/allianzy/requirements/1770062880308-boarding-pass.jpg, Proxy: /allianzy/api/files?url=https%3A%2F%2Ff005.backblazeb2.com%2Ffile%2Fallianzy%2Frequirements%2F1770062880308-boarding-pass.jpg&t=1770128522871
[2026-02-03T14:22:03.177Z] Case File: boarding-pass.jpg, Original: https://f005.backblazeb2.com/file/allianzy/cases/1770065445262-boarding-pass.jpg, Proxy: /api/files?url=https%3A%2F%2Ff005.backblazeb2.com%2Ffile%2Fallianzy%2Fcases%2F1770065445262-boarding-pass.jpg&t=1770128523177
[2026-02-03T14:22:03.177Z] Case File: boarding-pass.jpg, Original: https://f005.backblazeb2.com/file/allianzy/cases/1770064914683-boarding-pass.jpg, Proxy: /api/files?url=https%3A%2F%2Ff005.backblazeb2.com%2Ffile%2Fallianzy%2Fcases%2F1770064914683-boarding-pass.jpg&t=1770128523177
[2026-02-03T14:22:03.185Z] Case File: boarding-pass.jpg, Original: https://f005.backblazeb2.com/file/allianzy/cases/1770065445262-boarding-pass.jpg, Proxy: /allianzy/api/files?url=https%3A%2F%2Ff005.backblazeb2.com%2Ffile%2Fallianzy%2Fcases%2F1770065445262-boarding-pass.jpg&t=1770128523184
[2026-02-03T14:22:03.185Z] Case File: boarding-pass.jpg, Original: https://f005.backblazeb2.com/file/allianzy/cases/1770064914683-boarding-pass.jpg, Proxy: /allianzy/api/files?url=https%3A%2F%2Ff005.backblazeb2.com%2Ffile%2Fallianzy%2Fcases%2F1770064914683-boarding-pass.jpg&t=1770128523184
[2026-02-03T14:22:03.410Z] Case File: boarding-pass.jpg, Original: https://f005.backblazeb2.com/file/allianzy/cases/1770065445262-boarding-pass.jpg, Proxy: /allianzy/api/files?url=https%3A%2F%2Ff005.backblazeb2.com%2Ffile%2Fallianzy%2Fcases%2F1770065445262-boarding-pass.jpg&t=1770128523410
[2026-02-03T14:22:03.410Z] Case File: boarding-pass.jpg, Original: https://f005.backblazeb2.com/file/allianzy/cases/1770064914683-boarding-pass.jpg, Proxy: /allianzy/api/files?url=https%3A%2F%2Ff005.backblazeb2.com%2Ffile%2Fallianzy%2Fcases%2F1770064914683-boarding-pass.jpg&t=1770128523410
[2026-02-03T14:22:03.490Z] Proposal File: 2026-01-28 at 13.13.19.jpeg, Original: https://f005.backblazeb2.com/file/allianzy/proposals/1770063507549-2026-01-28_at_13.13.19.jpeg, Proxy: /api/files?url=https%3A%2F%2Ff005.backblazeb2.com%2Ffile%2Fallianzy%2Fproposals%2F1770063507549-2026-01-28_at_13.13.19.jpeg&t=1770128523490
[2026-02-03T14:22:03.498Z] Proposal File: 2026-01-28 at 13.13.19.jpeg, Original: https://f005.backblazeb2.com/file/allianzy/proposals/1770063507549-2026-01-28_at_13.13.19.jpeg, Proxy: /allianzy/api/files?url=https%3A%2F%2Ff005.backblazeb2.com%2Ffile%2Fallianzy%2Fproposals%2F1770063507549-2026-01-28_at_13.13.19.jpeg&t=1770128523498
[2026-02-03T14:22:03.725Z] Proposal File: 2026-01-28 at 13.13.19.jpeg, Original: https://f005.backblazeb2.com/file/allianzy/proposals/1770063507549-2026-01-28_at_13.13.19.jpeg, Proxy: /allianzy/api/files?url=https%3A%2F%2Ff005.backblazeb2.com%2Ffile%2Fallianzy%2Fproposals%2F1770063507549-2026-01-28_at_13.13.19.jpeg&t=1770128523725
[2026-02-03T14:22:03.808Z] Request File: boarding-pass.jpg, Original: https://f005.backblazeb2.com/file/allianzy/requests/1770128154162-boarding-pass.jpg, Proxy: /api/files?url=https%3A%2F%2Ff005.backblazeb2.com%2Ffile%2Fallianzy%2Frequests%2F1770128154162-boarding-pass.jpg&t=1770128523808
[2026-02-03T14:22:03.809Z] Request File: boarding-pass.jpg, Original: https://f005.backblazeb2.com/file/allianzy/requests/1770078209059-boarding-pass.jpg, Proxy: /api/files?url=https%3A%2F%2Ff005.backblazeb2.com%2Ffile%2Fallianzy%2Frequests%2F1770078209059-boarding-pass.jpg&t=1770128523808
[2026-02-03T14:22:03.814Z] Request File: boarding-pass.jpg, Original: https://f005.backblazeb2.com/file/allianzy/requests/1770128154162-boarding-pass.jpg, Proxy: /allianzy/api/files?url=https%3A%2F%2Ff005.backblazeb2.com%2Ffile%2Fallianzy%2Frequests%2F1770128154162-boarding-pass.jpg&t=1770128523814
[2026-02-03T14:22:03.815Z] Request File: boarding-pass.jpg, Original: https://f005.backblazeb2.com/file/allianzy/requests/1770078209059-boarding-pass.jpg, Proxy: /allianzy/api/files?url=https%3A%2F%2Ff005.backblazeb2.com%2Ffile%2Fallianzy%2Frequests%2F1770078209059-boarding-pass.jpg&t=1770128523814
[2026-02-03T14:22:04.141Z] Request File: boarding-pass.jpg, Original: https://f005.backblazeb2.com/file/allianzy/requests/1770128154162-boarding-pass.jpg, Proxy: /allianzy/api/files?url=https%3A%2F%2Ff005.backblazeb2.com%2Ffile%2Fallianzy%2Frequests%2F1770128154162-boarding-pass.jpg&t=1770128524141
[2026-02-03T14:22:04.141Z] Request File: boarding-pass.jpg, Original: https://f005.backblazeb2.com/file/allianzy/requests/1770078209059-boarding-pass.jpg, Proxy: /allianzy/api/files?url=https%3A%2F%2Ff005.backblazeb2.com%2Ffile%2Fallianzy%2Frequests%2F1770078209059-boarding-pass.jpg&t=1770128524141
[2026-02-03T14:22:14.514Z] Requirement File: boarding-pass.jpg, Original: https://f005.backblazeb2.com/file/allianzy/requirements/1770062880308-boarding-pass.jpg, Proxy: /allianzy/api/files?url=https%3A%2F%2Ff005.backblazeb2.com%2Ffile%2Fallianzy%2Frequirements%2F1770062880308-boarding-pass.jpg&t=1770128534513
[2026-02-03T14:22:14.831Z] Case File: boarding-pass.jpg, Original: https://f005.backblazeb2.com/file/allianzy/cases/1770065445262-boarding-pass.jpg, Proxy: /allianzy/api/files?url=https%3A%2F%2Ff005.backblazeb2.com%2Ffile%2Fallianzy%2Fcases%2F1770065445262-boarding-pass.jpg&t=1770128534831
[2026-02-03T14:22:14.831Z] Case File: boarding-pass.jpg, Original: https://f005.backblazeb2.com/file/allianzy/cases/1770064914683-boarding-pass.jpg, Proxy: /allianzy/api/files?url=https%3A%2F%2Ff005.backblazeb2.com%2Ffile%2Fallianzy%2Fcases%2F1770064914683-boarding-pass.jpg&t=1770128534831
[2026-02-03T14:22:14.988Z] Proposal File: 2026-01-28 at 13.13.19.jpeg, Original: https://f005.backblazeb2.com/file/allianzy/proposals/1770063507549-2026-01-28_at_13.13.19.jpeg, Proxy: /allianzy/api/files?url=https%3A%2F%2Ff005.backblazeb2.com%2Ffile%2Fallianzy%2Fproposals%2F1770063507549-2026-01-28_at_13.13.19.jpeg&t=1770128534988
[2026-02-03T14:22:15.311Z] Request File: boarding-pass.jpg, Original: https://f005.backblazeb2.com/file/allianzy/requests/1770128154162-boarding-pass.jpg, Proxy: /allianzy/api/files?url=https%3A%2F%2Ff005.backblazeb2.com%2Ffile%2Fallianzy%2Frequests%2F1770128154162-boarding-pass.jpg&t=1770128535311
[2026-02-03T14:22:15.312Z] Request File: boarding-pass.jpg, Original: https://f005.backblazeb2.com/file/allianzy/requests/1770078209059-boarding-pass.jpg, Proxy: /allianzy/api/files?url=https%3A%2F%2Ff005.backblazeb2.com%2Ffile%2Fallianzy%2Frequests%2F1770078209059-boarding-pass.jpg&t=1770128535311
[2026-02-03T14:22:39.421Z] Requirement File: boarding-pass.jpg, Original: https://f005.backblazeb2.com/file/allianzy/requirements/1770062880308-boarding-pass.jpg, Proxy: /allianzy/api/files?url=https%3A%2F%2Ff005.backblazeb2.com%2Ffile%2Fallianzy%2Frequirements%2F1770062880308-boarding-pass.jpg&t=1770128559421
[2026-02-03T14:22:39.749Z] Case File: boarding-pass.jpg, Original: https://f005.backblazeb2.com/file/allianzy/cases/1770065445262-boarding-pass.jpg, Proxy: /allianzy/api/files?url=https%3A%2F%2Ff005.backblazeb2.com%2Ffile%2Fallianzy%2Fcases%2F1770065445262-boarding-pass.jpg&t=1770128559749
[2026-02-03T14:22:39.749Z] Case File: boarding-pass.jpg, Original: https://f005.backblazeb2.com/file/allianzy/cases/1770064914683-boarding-pass.jpg, Proxy: /allianzy/api/files?url=https%3A%2F%2Ff005.backblazeb2.com%2Ffile%2Fallianzy%2Fcases%2F1770064914683-boarding-pass.jpg&t=1770128559749
[2026-02-03T14:22:39.908Z] Proposal File: 2026-01-28 at 13.13.19.jpeg, Original: https://f005.backblazeb2.com/file/allianzy/proposals/1770063507549-2026-01-28_at_13.13.19.jpeg, Proxy: /allianzy/api/files?url=https%3A%2F%2Ff005.backblazeb2.com%2Ffile%2Fallianzy%2Fproposals%2F1770063507549-2026-01-28_at_13.13.19.jpeg&t=1770128559908
[2026-02-03T14:22:40.224Z] Request File: boarding-pass.jpg, Original: https://f005.backblazeb2.com/file/allianzy/requests/1770128154162-boarding-pass.jpg, Proxy: /allianzy/api/files?url=https%3A%2F%2Ff005.backblazeb2.com%2Ffile%2Fallianzy%2Frequests%2F1770128154162-boarding-pass.jpg&t=1770128560224
[2026-02-03T14:22:40.225Z] Request File: boarding-pass.jpg, Original: https://f005.backblazeb2.com/file/allianzy/requests/1770078209059-boarding-pass.jpg, Proxy: /allianzy/api/files?url=https%3A%2F%2Ff005.backblazeb2.com%2Ffile%2Fallianzy%2Frequests%2F1770078209059-boarding-pass.jpg&t=1770128560224
[2026-02-03T14:23:07.543Z] Requirement File: boarding-pass.jpg, Original: https://f005.backblazeb2.com/file/allianzy/requirements/1770062880308-boarding-pass.jpg, Proxy: /allianzy/api/files?url=https%3A%2F%2Ff005.backblazeb2.com%2Ffile%2Fallianzy%2Frequirements%2F1770062880308-boarding-pass.jpg&t=1770128587543
[2026-02-03T14:23:07.862Z] Case File: boarding-pass.jpg, Original: https://f005.backblazeb2.com/file/allianzy/cases/1770065445262-boarding-pass.jpg, Proxy: /allianzy/api/files?url=https%3A%2F%2Ff005.backblazeb2.com%2Ffile%2Fallianzy%2Fcases%2F1770065445262-boarding-pass.jpg&t=1770128587862
[2026-02-03T14:23:07.862Z] Case File: boarding-pass.jpg, Original: https://f005.backblazeb2.com/file/allianzy/cases/1770064914683-boarding-pass.jpg, Proxy: /allianzy/api/files?url=https%3A%2F%2Ff005.backblazeb2.com%2Ffile%2Fallianzy%2Fcases%2F1770064914683-boarding-pass.jpg&t=1770128587862
[2026-02-03T14:23:08.022Z] Proposal File: 2026-01-28 at 13.13.19.jpeg, Original: https://f005.backblazeb2.com/file/allianzy/proposals/1770063507549-2026-01-28_at_13.13.19.jpeg, Proxy: /allianzy/api/files?url=https%3A%2F%2Ff005.backblazeb2.com%2Ffile%2Fallianzy%2Fproposals%2F1770063507549-2026-01-28_at_13.13.19.jpeg&t=1770128588022
[2026-02-03T14:23:08.341Z] Request File: boarding-pass.jpg, Original: https://f005.backblazeb2.com/file/allianzy/requests/1770128154162-boarding-pass.jpg, Proxy: /allianzy/api/files?url=https%3A%2F%2Ff005.backblazeb2.com%2Ffile%2Fallianzy%2Frequests%2F1770128154162-boarding-pass.jpg&t=1770128588341
[2026-02-03T14:23:08.342Z] Request File: boarding-pass.jpg, Original: https://f005.backblazeb2.com/file/allianzy/requests/1770078209059-boarding-pass.jpg, Proxy: /allianzy/api/files?url=https%3A%2F%2Ff005.backblazeb2.com%2Ffile%2Fallianzy%2Frequests%2F1770078209059-boarding-pass.jpg&t=1770128588341
[2026-02-03T14:23:20.287Z] Requirement File: boarding-pass.jpg, Original: https://f005.backblazeb2.com/file/allianzy/requirements/1770062880308-boarding-pass.jpg, Proxy: /allianzy/api/files?url=https%3A%2F%2Ff005.backblazeb2.com%2Ffile%2Fallianzy%2Frequirements%2F1770062880308-boarding-pass.jpg&t=1770128600287
[2026-02-03T14:23:20.618Z] Case File: boarding-pass.jpg, Original: https://f005.backblazeb2.com/file/allianzy/cases/1770065445262-boarding-pass.jpg, Proxy: /allianzy/api/files?url=https%3A%2F%2Ff005.backblazeb2.com%2Ffile%2Fallianzy%2Fcases%2F1770065445262-boarding-pass.jpg&t=1770128600618
[2026-02-03T14:23:20.619Z] Case File: boarding-pass.jpg, Original: https://f005.backblazeb2.com/file/allianzy/cases/1770064914683-boarding-pass.jpg, Proxy: /allianzy/api/files?url=https%3A%2F%2Ff005.backblazeb2.com%2Ffile%2Fallianzy%2Fcases%2F1770064914683-boarding-pass.jpg&t=1770128600618
[2026-02-03T14:23:20.944Z] Proposal File: 2026-01-28 at 13.13.19.jpeg, Original: https://f005.backblazeb2.com/file/allianzy/proposals/1770063507549-2026-01-28_at_13.13.19.jpeg, Proxy: /allianzy/api/files?url=https%3A%2F%2Ff005.backblazeb2.com%2Ffile%2Fallianzy%2Fproposals%2F1770063507549-2026-01-28_at_13.13.19.jpeg&t=1770128600944
[2026-02-03T14:23:21.270Z] Request File: boarding-pass.jpg, Original: https://f005.backblazeb2.com/file/allianzy/requests/1770128154162-boarding-pass.jpg, Proxy: /allianzy/api/files?url=https%3A%2F%2Ff005.backblazeb2.com%2Ffile%2Fallianzy%2Frequests%2F1770128154162-boarding-pass.jpg&t=1770128601270
[2026-02-03T14:23:21.270Z] Request File: boarding-pass.jpg, Original: https://f005.backblazeb2.com/file/allianzy/requests/1770078209059-boarding-pass.jpg, Proxy: /allianzy/api/files?url=https%3A%2F%2Ff005.backblazeb2.com%2Ffile%2Fallianzy%2Frequests%2F1770078209059-boarding-pass.jpg&t=1770128601270
[2026-02-03T14:23:38.202Z] Requirement File: boarding-pass.jpg, Original: https://f005.backblazeb2.com/file/allianzy/requirements/1770062880308-boarding-pass.jpg, Proxy: /allianzy/api/files?url=https%3A%2F%2Ff005.backblazeb2.com%2Ffile%2Fallianzy%2Frequirements%2F1770062880308-boarding-pass.jpg&t=1770128618202
[2026-02-03T14:23:38.520Z] Case File: boarding-pass.jpg, Original: https://f005.backblazeb2.com/file/allianzy/cases/1770065445262-boarding-pass.jpg, Proxy: /allianzy/api/files?url=https%3A%2F%2Ff005.backblazeb2.com%2Ffile%2Fallianzy%2Fcases%2F1770065445262-boarding-pass.jpg&t=1770128618520
[2026-02-03T14:23:38.520Z] Case File: boarding-pass.jpg, Original: https://f005.backblazeb2.com/file/allianzy/cases/1770064914683-boarding-pass.jpg, Proxy: /allianzy/api/files?url=https%3A%2F%2Ff005.backblazeb2.com%2Ffile%2Fallianzy%2Fcases%2F1770064914683-boarding-pass.jpg&t=1770128618520
[2026-02-03T14:23:38.678Z] Proposal File: 2026-01-28 at 13.13.19.jpeg, Original: https://f005.backblazeb2.com/file/allianzy/proposals/1770063507549-2026-01-28_at_13.13.19.jpeg, Proxy: /allianzy/api/files?url=https%3A%2F%2Ff005.backblazeb2.com%2Ffile%2Fallianzy%2Fproposals%2F1770063507549-2026-01-28_at_13.13.19.jpeg&t=1770128618678
[2026-02-03T14:23:39.312Z] Request File: boarding-pass.jpg, Original: https://f005.backblazeb2.com/file/allianzy/requests/1770128154162-boarding-pass.jpg, Proxy: /allianzy/api/files?url=https%3A%2F%2Ff005.backblazeb2.com%2Ffile%2Fallianzy%2Frequests%2F1770128154162-boarding-pass.jpg&t=1770128619312
[2026-02-03T14:23:39.313Z] Request File: boarding-pass.jpg, Original: https://f005.backblazeb2.com/file/allianzy/requests/1770078209059-boarding-pass.jpg, Proxy: /allianzy/api/files?url=https%3A%2F%2Ff005.backblazeb2.com%2Ffile%2Fallianzy%2Frequests%2F1770078209059-boarding-pass.jpg&t=1770128619312
[2026-02-03T14:23:53.110Z] Requirement File: boarding-pass.jpg, Original: https://f005.backblazeb2.com/file/allianzy/requirements/1770062880308-boarding-pass.jpg, Proxy: /allianzy/api/files?url=https%3A%2F%2Ff005.backblazeb2.com%2Ffile%2Fallianzy%2Frequirements%2F1770062880308-boarding-pass.jpg&t=1770128633110
[2026-02-03T14:23:53.475Z] Case File: boarding-pass.jpg, Original: https://f005.backblazeb2.com/file/allianzy/cases/1770065445262-boarding-pass.jpg, Proxy: /allianzy/api/files?url=https%3A%2F%2Ff005.backblazeb2.com%2Ffile%2Fallianzy%2Fcases%2F1770065445262-boarding-pass.jpg&t=1770128633475
[2026-02-03T14:23:53.476Z] Case File: boarding-pass.jpg, Original: https://f005.backblazeb2.com/file/allianzy/cases/1770064914683-boarding-pass.jpg, Proxy: /allianzy/api/files?url=https%3A%2F%2Ff005.backblazeb2.com%2Ffile%2Fallianzy%2Fcases%2F1770064914683-boarding-pass.jpg&t=1770128633475
[2026-02-03T14:23:53.633Z] Proposal File: 2026-01-28 at 13.13.19.jpeg, Original: https://f005.backblazeb2.com/file/allianzy/proposals/1770063507549-2026-01-28_at_13.13.19.jpeg, Proxy: /allianzy/api/files?url=https%3A%2F%2Ff005.backblazeb2.com%2Ffile%2Fallianzy%2Fproposals%2F1770063507549-2026-01-28_at_13.13.19.jpeg&t=1770128633633
[2026-02-03T14:23:53.950Z] Request File: boarding-pass.jpg, Original: https://f005.backblazeb2.com/file/allianzy/requests/1770128154162-boarding-pass.jpg, Proxy: /allianzy/api/files?url=https%3A%2F%2Ff005.backblazeb2.com%2Ffile%2Fallianzy%2Frequests%2F1770128154162-boarding-pass.jpg&t=1770128633950
[2026-02-03T14:23:53.951Z] Request File: boarding-pass.jpg, Original: https://f005.backblazeb2.com/file/allianzy/requests/1770078209059-boarding-pass.jpg, Proxy: /allianzy/api/files?url=https%3A%2F%2Ff005.backblazeb2.com%2Ffile%2Fallianzy%2Frequests%2F1770078209059-boarding-pass.jpg&t=1770128633950
[2026-02-03T14:23:56.899Z] Requirement File: boarding-pass.jpg, Original: https://f005.backblazeb2.com/file/allianzy/requirements/1770062880308-boarding-pass.jpg, Proxy: /allianzy/api/files?url=https%3A%2F%2Ff005.backblazeb2.com%2Ffile%2Fallianzy%2Frequirements%2F1770062880308-boarding-pass.jpg&t=1770128636899
[2026-02-03T14:23:57.222Z] Case File: boarding-pass.jpg, Original: https://f005.backblazeb2.com/file/allianzy/cases/1770065445262-boarding-pass.jpg, Proxy: /allianzy/api/files?url=https%3A%2F%2Ff005.backblazeb2.com%2Ffile%2Fallianzy%2Fcases%2F1770065445262-boarding-pass.jpg&t=1770128637222
[2026-02-03T14:23:57.223Z] Case File: boarding-pass.jpg, Original: https://f005.backblazeb2.com/file/allianzy/cases/1770064914683-boarding-pass.jpg, Proxy: /allianzy/api/files?url=https%3A%2F%2Ff005.backblazeb2.com%2Ffile%2Fallianzy%2Fcases%2F1770064914683-boarding-pass.jpg&t=1770128637222
[2026-02-03T14:23:57.616Z] Proposal File: 2026-01-28 at 13.13.19.jpeg, Original: https://f005.backblazeb2.com/file/allianzy/proposals/1770063507549-2026-01-28_at_13.13.19.jpeg, Proxy: /allianzy/api/files?url=https%3A%2F%2Ff005.backblazeb2.com%2Ffile%2Fallianzy%2Fproposals%2F1770063507549-2026-01-28_at_13.13.19.jpeg&t=1770128637616
[2026-02-03T14:23:57.986Z] Request File: boarding-pass.jpg, Original: https://f005.backblazeb2.com/file/allianzy/requests/1770128154162-boarding-pass.jpg, Proxy: /allianzy/api/files?url=https%3A%2F%2Ff005.backblazeb2.com%2Ffile%2Fallianzy%2Frequests%2F1770128154162-boarding-pass.jpg&t=1770128637986
[2026-02-03T14:23:57.987Z] Request File: boarding-pass.jpg, Original: https://f005.backblazeb2.com/file/allianzy/requests/1770078209059-boarding-pass.jpg, Proxy: /allianzy/api/files?url=https%3A%2F%2Ff005.backblazeb2.com%2Ffile%2Fallianzy%2Frequests%2F1770078209059-boarding-pass.jpg&t=1770128637986
[2026-02-03T14:26:33.320Z] Requirement File: boarding-pass.jpg, Original: https://f005.backblazeb2.com/file/allianzy/requirements/1770062880308-boarding-pass.jpg, Proxy: /allianzy/api/files?url=https%3A%2F%2Ff005.backblazeb2.com%2Ffile%2Fallianzy%2Frequirements%2F1770062880308-boarding-pass.jpg&t=1770128793320
[2026-02-03T14:26:33.605Z] Requirement File: boarding-pass.jpg, Original: https://f005.backblazeb2.com/file/allianzy/requirements/1770062880308-boarding-pass.jpg, Proxy: /allianzy/dashboard/api/files?url=https%3A%2F%2Ff005.backblazeb2.com%2Ffile%2Fallianzy%2Frequirements%2F1770062880308-boarding-pass.jpg&t=1770128793605
[2026-02-03T14:26:33.635Z] Case File: boarding-pass.jpg, Original: https://f005.backblazeb2.com/file/allianzy/cases/1770065445262-boarding-pass.jpg, Proxy: /allianzy/api/files?url=https%3A%2F%2Ff005.backblazeb2.com%2Ffile%2Fallianzy%2Fcases%2F1770065445262-boarding-pass.jpg&t=1770128793635
[2026-02-03T14:26:33.635Z] Case File: boarding-pass.jpg, Original: https://f005.backblazeb2.com/file/allianzy/cases/1770064914683-boarding-pass.jpg, Proxy: /allianzy/api/files?url=https%3A%2F%2Ff005.backblazeb2.com%2Ffile%2Fallianzy%2Fcases%2F1770064914683-boarding-pass.jpg&t=1770128793635
[2026-02-03T14:26:33.925Z] Case File: boarding-pass.jpg, Original: https://f005.backblazeb2.com/file/allianzy/cases/1770065445262-boarding-pass.jpg, Proxy: /allianzy/dashboard/api/files?url=https%3A%2F%2Ff005.backblazeb2.com%2Ffile%2Fallianzy%2Fcases%2F1770065445262-boarding-pass.jpg&t=1770128793925
[2026-02-03T14:26:33.927Z] Case File: boarding-pass.jpg, Original: https://f005.backblazeb2.com/file/allianzy/cases/1770064914683-boarding-pass.jpg, Proxy: /allianzy/dashboard/api/files?url=https%3A%2F%2Ff005.backblazeb2.com%2Ffile%2Fallianzy%2Fcases%2F1770064914683-boarding-pass.jpg&t=1770128793925
[2026-02-03T14:26:33.952Z] Proposal File: 2026-01-28 at 13.13.19.jpeg, Original: https://f005.backblazeb2.com/file/allianzy/proposals/1770063507549-2026-01-28_at_13.13.19.jpeg, Proxy: /allianzy/api/files?url=https%3A%2F%2Ff005.backblazeb2.com%2Ffile%2Fallianzy%2Fproposals%2F1770063507549-2026-01-28_at_13.13.19.jpeg&t=1770128793952
[2026-02-03T14:26:34.241Z] Proposal File: 2026-01-28 at 13.13.19.jpeg, Original: https://f005.backblazeb2.com/file/allianzy/proposals/1770063507549-2026-01-28_at_13.13.19.jpeg, Proxy: /allianzy/dashboard/api/files?url=https%3A%2F%2Ff005.backblazeb2.com%2Ffile%2Fallianzy%2Fproposals%2F1770063507549-2026-01-28_at_13.13.19.jpeg&t=1770128794241
[2026-02-03T14:26:34.266Z] Request File: boarding-pass.jpg, Original: https://f005.backblazeb2.com/file/allianzy/requests/1770128154162-boarding-pass.jpg, Proxy: /allianzy/api/files?url=https%3A%2F%2Ff005.backblazeb2.com%2Ffile%2Fallianzy%2Frequests%2F1770128154162-boarding-pass.jpg&t=1770128794266
[2026-02-03T14:26:34.267Z] Request File: boarding-pass.jpg, Original: https://f005.backblazeb2.com/file/allianzy/requests/1770078209059-boarding-pass.jpg, Proxy: /allianzy/api/files?url=https%3A%2F%2Ff005.backblazeb2.com%2Ffile%2Fallianzy%2Frequests%2F1770078209059-boarding-pass.jpg&t=1770128794266
[2026-02-03T14:26:34.558Z] Request File: boarding-pass.jpg, Original: https://f005.backblazeb2.com/file/allianzy/requests/1770128154162-boarding-pass.jpg, Proxy: /allianzy/dashboard/api/files?url=https%3A%2F%2Ff005.backblazeb2.com%2Ffile%2Fallianzy%2Frequests%2F1770128154162-boarding-pass.jpg&t=1770128794558
[2026-02-03T14:26:34.559Z] Request File: boarding-pass.jpg, Original: https://f005.backblazeb2.com/file/allianzy/requests/1770078209059-boarding-pass.jpg, Proxy: /allianzy/dashboard/api/files?url=https%3A%2F%2Ff005.backblazeb2.com%2Ffile%2Fallianzy%2Frequests%2F1770078209059-boarding-pass.jpg&t=1770128794558
[2026-02-03T14:26:35.756Z] Requirement File: boarding-pass.jpg, Original: https://f005.backblazeb2.com/file/allianzy/requirements/1770062880308-boarding-pass.jpg, Proxy: /allianzy/dashboard/api/files?url=https%3A%2F%2Ff005.backblazeb2.com%2Ffile%2Fallianzy%2Frequirements%2F1770062880308-boarding-pass.jpg&t=1770128795756
[2026-02-03T14:26:36.075Z] Case File: boarding-pass.jpg, Original: https://f005.backblazeb2.com/file/allianzy/cases/1770065445262-boarding-pass.jpg, Proxy: /allianzy/dashboard/api/files?url=https%3A%2F%2Ff005.backblazeb2.com%2Ffile%2Fallianzy%2Fcases%2F1770065445262-boarding-pass.jpg&t=1770128796075
[2026-02-03T14:26:36.075Z] Case File: boarding-pass.jpg, Original: https://f005.backblazeb2.com/file/allianzy/cases/1770064914683-boarding-pass.jpg, Proxy: /allianzy/dashboard/api/files?url=https%3A%2F%2Ff005.backblazeb2.com%2Ffile%2Fallianzy%2Fcases%2F1770064914683-boarding-pass.jpg&t=1770128796075
[2026-02-03T14:26:36.390Z] Proposal File: 2026-01-28 at 13.13.19.jpeg, Original: https://f005.backblazeb2.com/file/allianzy/proposals/1770063507549-2026-01-28_at_13.13.19.jpeg, Proxy: /allianzy/dashboard/api/files?url=https%3A%2F%2Ff005.backblazeb2.com%2Ffile%2Fallianzy%2Fproposals%2F1770063507549-2026-01-28_at_13.13.19.jpeg&t=1770128796390
[2026-02-03T14:26:36.705Z] Request File: boarding-pass.jpg, Original: https://f005.backblazeb2.com/file/allianzy/requests/1770128154162-boarding-pass.jpg, Proxy: /allianzy/dashboard/api/files?url=https%3A%2F%2Ff005.backblazeb2.com%2Ffile%2Fallianzy%2Frequests%2F1770128154162-boarding-pass.jpg&t=1770128796705
[2026-02-03T14:26:36.706Z] Request File: boarding-pass.jpg, Original: https://f005.backblazeb2.com/file/allianzy/requests/1770078209059-boarding-pass.jpg, Proxy: /allianzy/dashboard/api/files?url=https%3A%2F%2Ff005.backblazeb2.com%2Ffile%2Fallianzy%2Frequests%2F1770078209059-boarding-pass.jpg&t=1770128796705
[2026-02-03T14:27:32.724Z] Requirement File: boarding-pass.jpg, Original: https://f005.backblazeb2.com/file/allianzy/requirements/1770062880308-boarding-pass.jpg, Proxy: /allianzy/dashboard/api/files?url=https%3A%2F%2Ff005.backblazeb2.com%2Ffile%2Fallianzy%2Frequirements%2F1770062880308-boarding-pass.jpg&t=1770128852723
[2026-02-03T14:27:33.041Z] Case File: boarding-pass.jpg, Original: https://f005.backblazeb2.com/file/allianzy/cases/1770065445262-boarding-pass.jpg, Proxy: /allianzy/dashboard/api/files?url=https%3A%2F%2Ff005.backblazeb2.com%2Ffile%2Fallianzy%2Fcases%2F1770065445262-boarding-pass.jpg&t=1770128853041
[2026-02-03T14:27:33.041Z] Case File: boarding-pass.jpg, Original: https://f005.backblazeb2.com/file/allianzy/cases/1770064914683-boarding-pass.jpg, Proxy: /allianzy/dashboard/api/files?url=https%3A%2F%2Ff005.backblazeb2.com%2Ffile%2Fallianzy%2Fcases%2F1770064914683-boarding-pass.jpg&t=1770128853041
[2026-02-03T14:27:33.362Z] Proposal File: 2026-01-28 at 13.13.19.jpeg, Original: https://f005.backblazeb2.com/file/allianzy/proposals/1770063507549-2026-01-28_at_13.13.19.jpeg, Proxy: /allianzy/dashboard/api/files?url=https%3A%2F%2Ff005.backblazeb2.com%2Ffile%2Fallianzy%2Fproposals%2F1770063507549-2026-01-28_at_13.13.19.jpeg&t=1770128853362
[2026-02-03T14:27:33.683Z] Request File: boarding-pass.jpg, Original: https://f005.backblazeb2.com/file/allianzy/requests/1770128154162-boarding-pass.jpg, Proxy: /allianzy/dashboard/api/files?url=https%3A%2F%2Ff005.backblazeb2.com%2Ffile%2Fallianzy%2Frequests%2F1770128154162-boarding-pass.jpg&t=1770128853683
[2026-02-03T14:27:33.683Z] Request File: boarding-pass.jpg, Original: https://f005.backblazeb2.com/file/allianzy/requests/1770078209059-boarding-pass.jpg, Proxy: /allianzy/dashboard/api/files?url=https%3A%2F%2Ff005.backblazeb2.com%2Ffile%2Fallianzy%2Frequests%2F1770078209059-boarding-pass.jpg&t=1770128853683
[2026-02-03T14:27:34.340Z] Requirement File: boarding-pass.jpg, Original: https://f005.backblazeb2.com/file/allianzy/requirements/1770062880308-boarding-pass.jpg, Proxy: /allianzy/dashboard/api/files?url=https%3A%2F%2Ff005.backblazeb2.com%2Ffile%2Fallianzy%2Frequirements%2F1770062880308-boarding-pass.jpg&t=1770128854340
[2026-02-03T14:27:34.993Z] Case File: boarding-pass.jpg, Original: https://f005.backblazeb2.com/file/allianzy/cases/1770065445262-boarding-pass.jpg, Proxy: /allianzy/dashboard/api/files?url=https%3A%2F%2Ff005.backblazeb2.com%2Ffile%2Fallianzy%2Fcases%2F1770065445262-boarding-pass.jpg&t=1770128854993
[2026-02-03T14:27:34.994Z] Case File: boarding-pass.jpg, Original: https://f005.backblazeb2.com/file/allianzy/cases/1770064914683-boarding-pass.jpg, Proxy: /allianzy/dashboard/api/files?url=https%3A%2F%2Ff005.backblazeb2.com%2Ffile%2Fallianzy%2Fcases%2F1770064914683-boarding-pass.jpg&t=1770128854993
[2026-02-03T14:27:35.152Z] Proposal File: 2026-01-28 at 13.13.19.jpeg, Original: https://f005.backblazeb2.com/file/allianzy/proposals/1770063507549-2026-01-28_at_13.13.19.jpeg, Proxy: /allianzy/dashboard/api/files?url=https%3A%2F%2Ff005.backblazeb2.com%2Ffile%2Fallianzy%2Fproposals%2F1770063507549-2026-01-28_at_13.13.19.jpeg&t=1770128855152
[2026-02-03T14:27:35.468Z] Request File: boarding-pass.jpg, Original: https://f005.backblazeb2.com/file/allianzy/requests/1770128154162-boarding-pass.jpg, Proxy: /allianzy/dashboard/api/files?url=https%3A%2F%2Ff005.backblazeb2.com%2Ffile%2Fallianzy%2Frequests%2F1770128154162-boarding-pass.jpg&t=1770128855468
[2026-02-03T14:27:35.469Z] Request File: boarding-pass.jpg, Original: https://f005.backblazeb2.com/file/allianzy/requests/1770078209059-boarding-pass.jpg, Proxy: /allianzy/dashboard/api/files?url=https%3A%2F%2Ff005.backblazeb2.com%2Ffile%2Fallianzy%2Frequests%2F1770078209059-boarding-pass.jpg&t=1770128855468
[2026-02-03T14:27:37.854Z] Requirement File: boarding-pass.jpg, Original: https://f005.backblazeb2.com/file/allianzy/requirements/1770062880308-boarding-pass.jpg, Proxy: /allianzy/dashboard/api/files?url=https%3A%2F%2Ff005.backblazeb2.com%2Ffile%2Fallianzy%2Frequirements%2F1770062880308-boarding-pass.jpg&t=1770128857854
[2026-02-03T14:27:38.171Z] Case File: boarding-pass.jpg, Original: https://f005.backblazeb2.com/file/allianzy/cases/1770065445262-boarding-pass.jpg, Proxy: /allianzy/dashboard/api/files?url=https%3A%2F%2Ff005.backblazeb2.com%2Ffile%2Fallianzy%2Fcases%2F1770065445262-boarding-pass.jpg&t=1770128858171
[2026-02-03T14:27:38.171Z] Case File: boarding-pass.jpg, Original: https://f005.backblazeb2.com/file/allianzy/cases/1770064914683-boarding-pass.jpg, Proxy: /allianzy/dashboard/api/files?url=https%3A%2F%2Ff005.backblazeb2.com%2Ffile%2Fallianzy%2Fcases%2F1770064914683-boarding-pass.jpg&t=1770128858171
[2026-02-03T14:27:38.328Z] Proposal File: 2026-01-28 at 13.13.19.jpeg, Original: https://f005.backblazeb2.com/file/allianzy/proposals/1770063507549-2026-01-28_at_13.13.19.jpeg, Proxy: /allianzy/dashboard/api/files?url=https%3A%2F%2Ff005.backblazeb2.com%2Ffile%2Fallianzy%2Fproposals%2F1770063507549-2026-01-28_at_13.13.19.jpeg&t=1770128858328
[2026-02-03T14:27:38.643Z] Request File: boarding-pass.jpg, Original: https://f005.backblazeb2.com/file/allianzy/requests/1770128154162-boarding-pass.jpg, Proxy: /allianzy/dashboard/api/files?url=https%3A%2F%2Ff005.backblazeb2.com%2Ffile%2Fallianzy%2Frequests%2F1770128154162-boarding-pass.jpg&t=1770128858643
[2026-02-03T14:27:38.643Z] Request File: boarding-pass.jpg, Original: https://f005.backblazeb2.com/file/allianzy/requests/1770078209059-boarding-pass.jpg, Proxy: /allianzy/dashboard/api/files?url=https%3A%2F%2Ff005.backblazeb2.com%2Ffile%2Fallianzy%2Frequests%2F1770078209059-boarding-pass.jpg&t=1770128858643
[2026-02-03T14:27:54.880Z] Requirement File: boarding-pass.jpg, Original: https://f005.backblazeb2.com/file/allianzy/requirements/1770062880308-boarding-pass.jpg, Proxy: /allianzy/dashboard/api/files?url=https%3A%2F%2Ff005.backblazeb2.com%2Ffile%2Fallianzy%2Frequirements%2F1770062880308-boarding-pass.jpg&t=1770128874880
[2026-02-03T14:27:55.202Z] Case File: boarding-pass.jpg, Original: https://f005.backblazeb2.com/file/allianzy/cases/1770065445262-boarding-pass.jpg, Proxy: /allianzy/dashboard/api/files?url=https%3A%2F%2Ff005.backblazeb2.com%2Ffile%2Fallianzy%2Fcases%2F1770065445262-boarding-pass.jpg&t=1770128875202
[2026-02-03T14:27:55.203Z] Case File: boarding-pass.jpg, Original: https://f005.backblazeb2.com/file/allianzy/cases/1770064914683-boarding-pass.jpg, Proxy: /allianzy/dashboard/api/files?url=https%3A%2F%2Ff005.backblazeb2.com%2Ffile%2Fallianzy%2Fcases%2F1770064914683-boarding-pass.jpg&t=1770128875202
[2026-02-03T14:27:55.367Z] Proposal File: 2026-01-28 at 13.13.19.jpeg, Original: https://f005.backblazeb2.com/file/allianzy/proposals/1770063507549-2026-01-28_at_13.13.19.jpeg, Proxy: /allianzy/dashboard/api/files?url=https%3A%2F%2Ff005.backblazeb2.com%2Ffile%2Fallianzy%2Fproposals%2F1770063507549-2026-01-28_at_13.13.19.jpeg&t=1770128875367
[2026-02-03T14:27:55.703Z] Request File: boarding-pass.jpg, Original: https://f005.backblazeb2.com/file/allianzy/requests/1770128154162-boarding-pass.jpg, Proxy: /allianzy/dashboard/api/files?url=https%3A%2F%2Ff005.backblazeb2.com%2Ffile%2Fallianzy%2Frequests%2F1770128154162-boarding-pass.jpg&t=1770128875703
[2026-02-03T14:27:55.704Z] Request File: boarding-pass.jpg, Original: https://f005.backblazeb2.com/file/allianzy/requests/1770078209059-boarding-pass.jpg, Proxy: /allianzy/dashboard/api/files?url=https%3A%2F%2Ff005.backblazeb2.com%2Ffile%2Fallianzy%2Frequests%2F1770078209059-boarding-pass.jpg&t=1770128875703
[2026-02-03T14:27:59.080Z] Requirement File: boarding-pass.jpg, Original: https://f005.backblazeb2.com/file/allianzy/requirements/1770062880308-boarding-pass.jpg, Proxy: /allianzy/dashboard/api/files?url=https%3A%2F%2Ff005.backblazeb2.com%2Ffile%2Fallianzy%2Frequirements%2F1770062880308-boarding-pass.jpg&t=1770128879080
[2026-02-03T14:27:59.402Z] Case File: boarding-pass.jpg, Original: https://f005.backblazeb2.com/file/allianzy/cases/1770065445262-boarding-pass.jpg, Proxy: /allianzy/dashboard/api/files?url=https%3A%2F%2Ff005.backblazeb2.com%2Ffile%2Fallianzy%2Fcases%2F1770065445262-boarding-pass.jpg&t=1770128879402
[2026-02-03T14:27:59.403Z] Case File: boarding-pass.jpg, Original: https://f005.backblazeb2.com/file/allianzy/cases/1770064914683-boarding-pass.jpg, Proxy: /allianzy/dashboard/api/files?url=https%3A%2F%2Ff005.backblazeb2.com%2Ffile%2Fallianzy%2Fcases%2F1770064914683-boarding-pass.jpg&t=1770128879402
[2026-02-03T14:27:59.731Z] Proposal File: 2026-01-28 at 13.13.19.jpeg, Original: https://f005.backblazeb2.com/file/allianzy/proposals/1770063507549-2026-01-28_at_13.13.19.jpeg, Proxy: /allianzy/dashboard/api/files?url=https%3A%2F%2Ff005.backblazeb2.com%2Ffile%2Fallianzy%2Fproposals%2F1770063507549-2026-01-28_at_13.13.19.jpeg&t=1770128879731
[2026-02-03T14:28:00.055Z] Request File: boarding-pass.jpg, Original: https://f005.backblazeb2.com/file/allianzy/requests/1770128154162-boarding-pass.jpg, Proxy: /allianzy/dashboard/api/files?url=https%3A%2F%2Ff005.backblazeb2.com%2Ffile%2Fallianzy%2Frequests%2F1770128154162-boarding-pass.jpg&t=1770128880055
[2026-02-03T14:28:00.056Z] Request File: boarding-pass.jpg, Original: https://f005.backblazeb2.com/file/allianzy/requests/1770078209059-boarding-pass.jpg, Proxy: /allianzy/dashboard/api/files?url=https%3A%2F%2Ff005.backblazeb2.com%2Ffile%2Fallianzy%2Frequests%2F1770078209059-boarding-pass.jpg&t=1770128880055
[2026-02-03T14:35:04.141Z] Requirement File: boarding-pass.jpg, Original: https://f005.backblazeb2.com/file/allianzy/requirements/1770062880308-boarding-pass.jpg, Proxy: /allianzy/dashboard/api/files?url=https%3A%2F%2Ff005.backblazeb2.com%2Ffile%2Fallianzy%2Frequirements%2F1770062880308-boarding-pass.jpg&t=1770129304141&sig=699c370c5b0efdcf2d7e31cf9c74af5e9dbc761234067309b379a6631d5c8529
[2026-02-03T14:35:04.459Z] Case File: boarding-pass.jpg, Original: https://f005.backblazeb2.com/file/allianzy/cases/1770065445262-boarding-pass.jpg, Proxy: /allianzy/dashboard/api/files?url=https%3A%2F%2Ff005.backblazeb2.com%2Ffile%2Fallianzy%2Fcases%2F1770065445262-boarding-pass.jpg&t=1770129304459&sig=32f5ee6816236d9f471d6d1b521b06c29537bb3181e292b24e882673deaec631
[2026-02-03T14:35:04.465Z] Case File: boarding-pass.jpg, Original: https://f005.backblazeb2.com/file/allianzy/cases/1770064914683-boarding-pass.jpg, Proxy: /allianzy/dashboard/api/files?url=https%3A%2F%2Ff005.backblazeb2.com%2Ffile%2Fallianzy%2Fcases%2F1770064914683-boarding-pass.jpg&t=1770129304459&sig=3e8616dd35bcfe35774614dca10cd85149dea490f987156fa52a4893e15f4024
[2026-02-03T14:35:04.784Z] Proposal File: 2026-01-28 at 13.13.19.jpeg, Original: https://f005.backblazeb2.com/file/allianzy/proposals/1770063507549-2026-01-28_at_13.13.19.jpeg, Proxy: /allianzy/dashboard/api/files?url=https%3A%2F%2Ff005.backblazeb2.com%2Ffile%2Fallianzy%2Fproposals%2F1770063507549-2026-01-28_at_13.13.19.jpeg&t=1770129304784&sig=523e14a1364278848f385b8a1b2be7f48fdb9faf62127b9568afae8746fbf989
[2026-02-03T14:35:05.107Z] Request File: boarding-pass.jpg, Original: https://f005.backblazeb2.com/file/allianzy/requests/1770128154162-boarding-pass.jpg, Proxy: /allianzy/dashboard/api/files?url=https%3A%2F%2Ff005.backblazeb2.com%2Ffile%2Fallianzy%2Frequests%2F1770128154162-boarding-pass.jpg&t=1770129305107&sig=346385ed87979a2fee25a972cba04facc149044d83cb2ac4e881cde790e26a41
[2026-02-03T14:35:05.108Z] Request File: boarding-pass.jpg, Original: https://f005.backblazeb2.com/file/allianzy/requests/1770078209059-boarding-pass.jpg, Proxy: /allianzy/dashboard/api/files?url=https%3A%2F%2Ff005.backblazeb2.com%2Ffile%2Fallianzy%2Frequests%2F1770078209059-boarding-pass.jpg&t=1770129305107&sig=b006825e464c7993d5912b65c57e1754fa5bdb49c305cc4ed97a27dfba579b62
[2026-02-03T14:35:14.547Z] Requirement File: boarding-pass.jpg, Original: https://f005.backblazeb2.com/file/allianzy/requirements/1770062880308-boarding-pass.jpg, Proxy: /allianzy/dashboard/api/files?url=https%3A%2F%2Ff005.backblazeb2.com%2Ffile%2Fallianzy%2Frequirements%2F1770062880308-boarding-pass.jpg&t=1770129314547&sig=26633a27d188173a89c243980904ec281e69bda5d84b893e1222992c96d981d2
[2026-02-03T14:35:14.869Z] Case File: boarding-pass.jpg, Original: https://f005.backblazeb2.com/file/allianzy/cases/1770065445262-boarding-pass.jpg, Proxy: /allianzy/dashboard/api/files?url=https%3A%2F%2Ff005.backblazeb2.com%2Ffile%2Fallianzy%2Fcases%2F1770065445262-boarding-pass.jpg&t=1770129314869&sig=8f38876949dc964fbccd70677549e439de0a69faaf414060cb18d9226aeb4256
[2026-02-03T14:35:14.869Z] Case File: boarding-pass.jpg, Original: https://f005.backblazeb2.com/file/allianzy/cases/1770064914683-boarding-pass.jpg, Proxy: /allianzy/dashboard/api/files?url=https%3A%2F%2Ff005.backblazeb2.com%2Ffile%2Fallianzy%2Fcases%2F1770064914683-boarding-pass.jpg&t=1770129314869&sig=2aacaed520b42ad5aaf222cf1a076ccb63aea22970d9763440580d3ac28c09e2
[2026-02-03T14:35:15.031Z] Proposal File: 2026-01-28 at 13.13.19.jpeg, Original: https://f005.backblazeb2.com/file/allianzy/proposals/1770063507549-2026-01-28_at_13.13.19.jpeg, Proxy: /allianzy/dashboard/api/files?url=https%3A%2F%2Ff005.backblazeb2.com%2Ffile%2Fallianzy%2Fproposals%2F1770063507549-2026-01-28_at_13.13.19.jpeg&t=1770129315031&sig=9193b336236444e5c280dc26922214ac3cdc032a4a31834ce432fc3f8a63cf49
[2026-02-03T14:35:15.352Z] Request File: boarding-pass.jpg, Original: https://f005.backblazeb2.com/file/allianzy/requests/1770128154162-boarding-pass.jpg, Proxy: /allianzy/dashboard/api/files?url=https%3A%2F%2Ff005.backblazeb2.com%2Ffile%2Fallianzy%2Frequests%2F1770128154162-boarding-pass.jpg&t=1770129315352&sig=99e14531a7533f41cb4fb39bbdc3d740f774d0c81211567b2259d483d4301262
[2026-02-03T14:35:15.353Z] Request File: boarding-pass.jpg, Original: https://f005.backblazeb2.com/file/allianzy/requests/1770078209059-boarding-pass.jpg, Proxy: /allianzy/dashboard/api/files?url=https%3A%2F%2Ff005.backblazeb2.com%2Ffile%2Fallianzy%2Frequests%2F1770078209059-boarding-pass.jpg&t=1770129315352&sig=ffe68d1d4c64b6c024a0b7764dacf4cbeb09dc8ced2ef99005c0ab41773fe354
[2026-02-03T14:35:15.861Z] Requirement File: boarding-pass.jpg, Original: https://f005.backblazeb2.com/file/allianzy/requirements/1770062880308-boarding-pass.jpg, Proxy: /allianzy/dashboard/api/files?url=https%3A%2F%2Ff005.backblazeb2.com%2Ffile%2Fallianzy%2Frequirements%2F1770062880308-boarding-pass.jpg&t=1770129315861&sig=3c7eac532f3460741ae623add499105cdfb25e1658f95be48b73603e8160d18c
[2026-02-03T14:35:16.184Z] Case File: boarding-pass.jpg, Original: https://f005.backblazeb2.com/file/allianzy/cases/1770065445262-boarding-pass.jpg, Proxy: /allianzy/dashboard/api/files?url=https%3A%2F%2Ff005.backblazeb2.com%2Ffile%2Fallianzy%2Fcases%2F1770065445262-boarding-pass.jpg&t=1770129316184&sig=71120eed57dd42bf767443319ec6f63ba5d2f00425709644eb9d3d956734860f
[2026-02-03T14:35:16.185Z] Case File: boarding-pass.jpg, Original: https://f005.backblazeb2.com/file/allianzy/cases/1770064914683-boarding-pass.jpg, Proxy: /allianzy/dashboard/api/files?url=https%3A%2F%2Ff005.backblazeb2.com%2Ffile%2Fallianzy%2Fcases%2F1770064914683-boarding-pass.jpg&t=1770129316184&sig=251d8a367c48eb6b3770730bf8dcef4258b31ef25e47d95aec0fc89e1a41aeed
[2026-02-03T14:35:16.667Z] Proposal File: 2026-01-28 at 13.13.19.jpeg, Original: https://f005.backblazeb2.com/file/allianzy/proposals/1770063507549-2026-01-28_at_13.13.19.jpeg, Proxy: /allianzy/dashboard/api/files?url=https%3A%2F%2Ff005.backblazeb2.com%2Ffile%2Fallianzy%2Fproposals%2F1770063507549-2026-01-28_at_13.13.19.jpeg&t=1770129316667&sig=f9eb93e718638a34e97f025715c03ec0307c012e9e1f38ac9edad4907609f890
[2026-02-03T14:35:16.990Z] Request File: boarding-pass.jpg, Original: https://f005.backblazeb2.com/file/allianzy/requests/1770128154162-boarding-pass.jpg, Proxy: /allianzy/dashboard/api/files?url=https%3A%2F%2Ff005.backblazeb2.com%2Ffile%2Fallianzy%2Frequests%2F1770128154162-boarding-pass.jpg&t=1770129316989&sig=ec3fbe5cf08cff850b68b63238c02c68ad56085dca8e1129ab09bca958ec65bf
[2026-02-03T14:35:16.990Z] Request File: boarding-pass.jpg, Original: https://f005.backblazeb2.com/file/allianzy/requests/1770078209059-boarding-pass.jpg, Proxy: /allianzy/dashboard/api/files?url=https%3A%2F%2Ff005.backblazeb2.com%2Ffile%2Fallianzy%2Frequests%2F1770078209059-boarding-pass.jpg&t=1770129316989&sig=562e15778aa21c8a6047ab60bea698aae3926551ba703e552afc8f220db1c5e4
[2026-02-03T14:35:18.623Z] Requirement File: boarding-pass.jpg, Original: https://f005.backblazeb2.com/file/allianzy/requirements/1770062880308-boarding-pass.jpg, Proxy: /allianzy/dashboard/api/files?url=https%3A%2F%2Ff005.backblazeb2.com%2Ffile%2Fallianzy%2Frequirements%2F1770062880308-boarding-pass.jpg&t=1770129318623&sig=fd5716c36246911180dd7c86514a4a28d474c194e5053da2bc17a8843a985853
[2026-02-03T14:35:18.945Z] Case File: boarding-pass.jpg, Original: https://f005.backblazeb2.com/file/allianzy/cases/1770065445262-boarding-pass.jpg, Proxy: /allianzy/dashboard/api/files?url=https%3A%2F%2Ff005.backblazeb2.com%2Ffile%2Fallianzy%2Fcases%2F1770065445262-boarding-pass.jpg&t=1770129318944&sig=2ab3eb10e752b8885847209057e29ed8e033543a403c20fe78a76172a2104839
[2026-02-03T14:35:18.945Z] Case File: boarding-pass.jpg, Original: https://f005.backblazeb2.com/file/allianzy/cases/1770064914683-boarding-pass.jpg, Proxy: /allianzy/dashboard/api/files?url=https%3A%2F%2Ff005.backblazeb2.com%2Ffile%2Fallianzy%2Fcases%2F1770064914683-boarding-pass.jpg&t=1770129318945&sig=e6ae5a9aa97d31fde3bfc907fe57758651326037bf242cdd2534a8789e8dba12
[2026-02-03T14:35:19.266Z] Proposal File: 2026-01-28 at 13.13.19.jpeg, Original: https://f005.backblazeb2.com/file/allianzy/proposals/1770063507549-2026-01-28_at_13.13.19.jpeg, Proxy: /allianzy/dashboard/api/files?url=https%3A%2F%2Ff005.backblazeb2.com%2Ffile%2Fallianzy%2Fproposals%2F1770063507549-2026-01-28_at_13.13.19.jpeg&t=1770129319266&sig=95a6b4f06666c600cbe4cdc82097cd5310c4f6f4a52565eb71efe667e553a39b
[2026-02-03T14:35:19.588Z] Request File: boarding-pass.jpg, Original: https://f005.backblazeb2.com/file/allianzy/requests/1770128154162-boarding-pass.jpg, Proxy: /allianzy/dashboard/api/files?url=https%3A%2F%2Ff005.backblazeb2.com%2Ffile%2Fallianzy%2Frequests%2F1770128154162-boarding-pass.jpg&t=1770129319588&sig=9d6c3233354d9b9f832dce443950bf98387b1354e496f1d318878637cf67c74c
[2026-02-03T14:35:19.589Z] Request File: boarding-pass.jpg, Original: https://f005.backblazeb2.com/file/allianzy/requests/1770078209059-boarding-pass.jpg, Proxy: /allianzy/dashboard/api/files?url=https%3A%2F%2Ff005.backblazeb2.com%2Ffile%2Fallianzy%2Frequests%2F1770078209059-boarding-pass.jpg&t=1770129319588&sig=ab1928a0d4a8e706256278b95d575d570a34699fb6de4351885dfb756eb07777
[2026-02-03T14:35:23.448Z] Requirement File: boarding-pass.jpg, Original: https://f005.backblazeb2.com/file/allianzy/requirements/1770062880308-boarding-pass.jpg, Proxy: /allianzy/dashboard/api/files?url=https%3A%2F%2Ff005.backblazeb2.com%2Ffile%2Fallianzy%2Frequirements%2F1770062880308-boarding-pass.jpg&t=1770129323448&sig=4d0081a235dcfc3157f92c97c903d8bd2365a293640e87e251b50b52427a728a
[2026-02-03T14:35:23.772Z] Case File: boarding-pass.jpg, Original: https://f005.backblazeb2.com/file/allianzy/cases/1770065445262-boarding-pass.jpg, Proxy: /allianzy/dashboard/api/files?url=https%3A%2F%2Ff005.backblazeb2.com%2Ffile%2Fallianzy%2Fcases%2F1770065445262-boarding-pass.jpg&t=1770129323772&sig=7f5132f1a6bed8a8b85676039c3195047a4e65db79fa46a4a77dd7f29ec7a758
[2026-02-03T14:35:23.774Z] Case File: boarding-pass.jpg, Original: https://f005.backblazeb2.com/file/allianzy/cases/1770064914683-boarding-pass.jpg, Proxy: /allianzy/dashboard/api/files?url=https%3A%2F%2Ff005.backblazeb2.com%2Ffile%2Fallianzy%2Fcases%2F1770064914683-boarding-pass.jpg&t=1770129323772&sig=4e058d108dc0bd1912b05f32e4d426359d2a0c33b53db906c91fbc52a1b38c06
[2026-02-03T14:35:23.936Z] Proposal File: 2026-01-28 at 13.13.19.jpeg, Original: https://f005.backblazeb2.com/file/allianzy/proposals/1770063507549-2026-01-28_at_13.13.19.jpeg, Proxy: /allianzy/dashboard/api/files?url=https%3A%2F%2Ff005.backblazeb2.com%2Ffile%2Fallianzy%2Fproposals%2F1770063507549-2026-01-28_at_13.13.19.jpeg&t=1770129323936&sig=d9f12e10380f75e0198ec44ed5d8c86500fca8577d7611af6813efbf70337917
[2026-02-03T14:35:24.258Z] Request File: boarding-pass.jpg, Original: https://f005.backblazeb2.com/file/allianzy/requests/1770128154162-boarding-pass.jpg, Proxy: /allianzy/dashboard/api/files?url=https%3A%2F%2Ff005.backblazeb2.com%2Ffile%2Fallianzy%2Frequests%2F1770128154162-boarding-pass.jpg&t=1770129324258&sig=426454fe118f3e83e257134847ae02c5178d7bd95bc08dd6c8c675636c39d21f
[2026-02-03T14:35:24.258Z] Request File: boarding-pass.jpg, Original: https://f005.backblazeb2.com/file/allianzy/requests/1770078209059-boarding-pass.jpg, Proxy: /allianzy/dashboard/api/files?url=https%3A%2F%2Ff005.backblazeb2.com%2Ffile%2Fallianzy%2Frequests%2F1770078209059-boarding-pass.jpg&t=1770129324258&sig=cf67059c7bc874ba28ad968d90c226e0adf86fb5e46bbd3b7186914053c63385
[2026-02-03T14:35:27.342Z] Requirement File: boarding-pass.jpg, Original: https://f005.backblazeb2.com/file/allianzy/requirements/1770062880308-boarding-pass.jpg, Proxy: /allianzy/dashboard/api/files?url=https%3A%2F%2Ff005.backblazeb2.com%2Ffile%2Fallianzy%2Frequirements%2F1770062880308-boarding-pass.jpg&t=1770129327342&sig=377dcc5fccc168b6e07986130eedb1bf3b0564ddc42133f033a5f35495d47dae
[2026-02-03T14:35:27.666Z] Case File: boarding-pass.jpg, Original: https://f005.backblazeb2.com/file/allianzy/cases/1770065445262-boarding-pass.jpg, Proxy: /allianzy/dashboard/api/files?url=https%3A%2F%2Ff005.backblazeb2.com%2Ffile%2Fallianzy%2Fcases%2F1770065445262-boarding-pass.jpg&t=1770129327666&sig=ea7933f51242c369d6617913f5d4238b0032fa50da1e5f3ccb1fb1f47ec0616c
[2026-02-03T14:35:27.666Z] Case File: boarding-pass.jpg, Original: https://f005.backblazeb2.com/file/allianzy/cases/1770064914683-boarding-pass.jpg, Proxy: /allianzy/dashboard/api/files?url=https%3A%2F%2Ff005.backblazeb2.com%2Ffile%2Fallianzy%2Fcases%2F1770064914683-boarding-pass.jpg&t=1770129327666&sig=292585d26fbae0d7152af3cd964e6d7a47708a70e6e7d1c5d34508e61c179274
[2026-02-03T14:35:27.990Z] Proposal File: 2026-01-28 at 13.13.19.jpeg, Original: https://f005.backblazeb2.com/file/allianzy/proposals/1770063507549-2026-01-28_at_13.13.19.jpeg, Proxy: /allianzy/dashboard/api/files?url=https%3A%2F%2Ff005.backblazeb2.com%2Ffile%2Fallianzy%2Fproposals%2F1770063507549-2026-01-28_at_13.13.19.jpeg&t=1770129327990&sig=f584484804b04a731f592aae9f7f6eda5043d402751c0eb39282fd33e414e485
[2026-02-03T14:35:28.312Z] Request File: boarding-pass.jpg, Original: https://f005.backblazeb2.com/file/allianzy/requests/1770128154162-boarding-pass.jpg, Proxy: /allianzy/dashboard/api/files?url=https%3A%2F%2Ff005.backblazeb2.com%2Ffile%2Fallianzy%2Frequests%2F1770128154162-boarding-pass.jpg&t=1770129328312&sig=29a80501fd7e455e587f9bff3c23d6ba98e3bc301602caeca62afa4a7c83b758
[2026-02-03T14:35:28.312Z] Request File: boarding-pass.jpg, Original: https://f005.backblazeb2.com/file/allianzy/requests/1770078209059-boarding-pass.jpg, Proxy: /allianzy/dashboard/api/files?url=https%3A%2F%2Ff005.backblazeb2.com%2Ffile%2Fallianzy%2Frequests%2F1770078209059-boarding-pass.jpg&t=1770129328312&sig=0e24d4e6794c9b54a48a0d2b9416705b6de43af930e9b46fac9cef65d15cb3f9
[2026-02-03T14:35:29.451Z] Requirement File: boarding-pass.jpg, Original: https://f005.backblazeb2.com/file/allianzy/requirements/1770062880308-boarding-pass.jpg, Proxy: /allianzy/dashboard/api/files?url=https%3A%2F%2Ff005.backblazeb2.com%2Ffile%2Fallianzy%2Frequirements%2F1770062880308-boarding-pass.jpg&t=1770129329451&sig=209fb5dd9821fa94aa8b16bd0e35855e8815ee54dd3c6bfac5760b55ebb97095
[2026-02-03T14:35:29.773Z] Case File: boarding-pass.jpg, Original: https://f005.backblazeb2.com/file/allianzy/cases/1770065445262-boarding-pass.jpg, Proxy: /allianzy/dashboard/api/files?url=https%3A%2F%2Ff005.backblazeb2.com%2Ffile%2Fallianzy%2Fcases%2F1770065445262-boarding-pass.jpg&t=1770129329773&sig=ebc566badbef902fe9c14720131207895ba79bda0bcae62b51da8af092a9aa0a
[2026-02-03T14:35:29.773Z] Case File: boarding-pass.jpg, Original: https://f005.backblazeb2.com/file/allianzy/cases/1770064914683-boarding-pass.jpg, Proxy: /allianzy/dashboard/api/files?url=https%3A%2F%2Ff005.backblazeb2.com%2Ffile%2Fallianzy%2Fcases%2F1770064914683-boarding-pass.jpg&t=1770129329773&sig=0b680dc1e30467ef3e9859fc85b0a3e254fe6fc0579e466a21527e9e8765655e
[2026-02-03T14:35:30.092Z] Proposal File: 2026-01-28 at 13.13.19.jpeg, Original: https://f005.backblazeb2.com/file/allianzy/proposals/1770063507549-2026-01-28_at_13.13.19.jpeg, Proxy: /allianzy/dashboard/api/files?url=https%3A%2F%2Ff005.backblazeb2.com%2Ffile%2Fallianzy%2Fproposals%2F1770063507549-2026-01-28_at_13.13.19.jpeg&t=1770129330092&sig=4a8ee78cd4175b0d11361b9435ebfe0ee8d9c28e481757f3afa9c882f53f3f5e
[2026-02-03T14:35:30.412Z] Request File: boarding-pass.jpg, Original: https://f005.backblazeb2.com/file/allianzy/requests/1770128154162-boarding-pass.jpg, Proxy: /allianzy/dashboard/api/files?url=https%3A%2F%2Ff005.backblazeb2.com%2Ffile%2Fallianzy%2Frequests%2F1770128154162-boarding-pass.jpg&t=1770129330412&sig=dccfbef88d87a6aaad92707d6e3815ac68b7bf1851eab0a94f151a93d2f8c707
[2026-02-03T14:35:30.412Z] Request File: boarding-pass.jpg, Original: https://f005.backblazeb2.com/file/allianzy/requests/1770078209059-boarding-pass.jpg, Proxy: /allianzy/dashboard/api/files?url=https%3A%2F%2Ff005.backblazeb2.com%2Ffile%2Fallianzy%2Frequests%2F1770078209059-boarding-pass.jpg&t=1770129330412&sig=104c18aaee83d5a47737bad3517610af62f4c78bf24362b759dd0d5ec0071962
[2026-02-03T14:35:35.919Z] Requirement File: boarding-pass.jpg, Original: https://f005.backblazeb2.com/file/allianzy/requirements/1770062880308-boarding-pass.jpg, Proxy: /allianzy/dashboard/api/files?url=https%3A%2F%2Ff005.backblazeb2.com%2Ffile%2Fallianzy%2Frequirements%2F1770062880308-boarding-pass.jpg&t=1770129335919&sig=0dcf3fb8e552f88b07fe3d220373d2ef58684e3db5afed955e2d0f6d1ff43b12
[2026-02-03T14:35:36.242Z] Case File: boarding-pass.jpg, Original: https://f005.backblazeb2.com/file/allianzy/cases/1770065445262-boarding-pass.jpg, Proxy: /allianzy/dashboard/api/files?url=https%3A%2F%2Ff005.backblazeb2.com%2Ffile%2Fallianzy%2Fcases%2F1770065445262-boarding-pass.jpg&t=1770129336242&sig=0ba1824de62e2bcbf9eb17203bb75102728432ac9e8e7e106ea1881cd48d713f
[2026-02-03T14:35:36.243Z] Case File: boarding-pass.jpg, Original: https://f005.backblazeb2.com/file/allianzy/cases/1770064914683-boarding-pass.jpg, Proxy: /allianzy/dashboard/api/files?url=https%3A%2F%2Ff005.backblazeb2.com%2Ffile%2Fallianzy%2Fcases%2F1770064914683-boarding-pass.jpg&t=1770129336242&sig=6befc00f057a1f9acdf7ac11c37602e9d7e9877a9f64a6e0b8b631a5d2f73f76
[2026-02-03T14:35:36.405Z] Proposal File: 2026-01-28 at 13.13.19.jpeg, Original: https://f005.backblazeb2.com/file/allianzy/proposals/1770063507549-2026-01-28_at_13.13.19.jpeg, Proxy: /allianzy/dashboard/api/files?url=https%3A%2F%2Ff005.backblazeb2.com%2Ffile%2Fallianzy%2Fproposals%2F1770063507549-2026-01-28_at_13.13.19.jpeg&t=1770129336405&sig=1dac729ab457b8e05b3dace205b5e9638b9d62417f62aa33912423f39e903d23
[2026-02-03T14:35:36.728Z] Request File: boarding-pass.jpg, Original: https://f005.backblazeb2.com/file/allianzy/requests/1770128154162-boarding-pass.jpg, Proxy: /allianzy/dashboard/api/files?url=https%3A%2F%2Ff005.backblazeb2.com%2Ffile%2Fallianzy%2Frequests%2F1770128154162-boarding-pass.jpg&t=1770129336728&sig=ee4c4e4d940f1767d1503d538566365ce88b0a5e5c56dbcd801ccd4d48c3f216
[2026-02-03T14:35:36.728Z] Request File: boarding-pass.jpg, Original: https://f005.backblazeb2.com/file/allianzy/requests/1770078209059-boarding-pass.jpg, Proxy: /allianzy/dashboard/api/files?url=https%3A%2F%2Ff005.backblazeb2.com%2Ffile%2Fallianzy%2Frequests%2F1770078209059-boarding-pass.jpg&t=1770129336728&sig=6c0a0077f14a0142371f447b36ffe60803fd3fdac54dee3f6f57e863e487fa81
[2026-02-03T14:35:38.849Z] Requirement File: boarding-pass.jpg, Original: https://f005.backblazeb2.com/file/allianzy/requirements/1770062880308-boarding-pass.jpg, Proxy: /allianzy/dashboard/api/files?url=https%3A%2F%2Ff005.backblazeb2.com%2Ffile%2Fallianzy%2Frequirements%2F1770062880308-boarding-pass.jpg&t=1770129338849&sig=99753299d3ed4bfad6f6ad9e394e34388a23879b9e522fb3c1c392799e771314
[2026-02-03T14:35:39.171Z] Case File: boarding-pass.jpg, Original: https://f005.backblazeb2.com/file/allianzy/cases/1770065445262-boarding-pass.jpg, Proxy: /allianzy/dashboard/api/files?url=https%3A%2F%2Ff005.backblazeb2.com%2Ffile%2Fallianzy%2Fcases%2F1770065445262-boarding-pass.jpg&t=1770129339171&sig=eb412710c0a4f962ea8459de0930296bfe43e72450443c36de9cafe9e89ab1d6
[2026-02-03T14:35:39.172Z] Case File: boarding-pass.jpg, Original: https://f005.backblazeb2.com/file/allianzy/cases/1770064914683-boarding-pass.jpg, Proxy: /allianzy/dashboard/api/files?url=https%3A%2F%2Ff005.backblazeb2.com%2Ffile%2Fallianzy%2Fcases%2F1770064914683-boarding-pass.jpg&t=1770129339171&sig=91b4901d5b107c06431ac46341880485be2d8c12bdc1596bd3d39948813c7ab0
[2026-02-03T14:35:39.496Z] Proposal File: 2026-01-28 at 13.13.19.jpeg, Original: https://f005.backblazeb2.com/file/allianzy/proposals/1770063507549-2026-01-28_at_13.13.19.jpeg, Proxy: /allianzy/dashboard/api/files?url=https%3A%2F%2Ff005.backblazeb2.com%2Ffile%2Fallianzy%2Fproposals%2F1770063507549-2026-01-28_at_13.13.19.jpeg&t=1770129339496&sig=8196170caac5fee6765cfd15bde8e6c71e61ecf8bf74979840467347253785ba
[2026-02-03T14:35:39.817Z] Request File: boarding-pass.jpg, Original: https://f005.backblazeb2.com/file/allianzy/requests/1770128154162-boarding-pass.jpg, Proxy: /allianzy/dashboard/api/files?url=https%3A%2F%2Ff005.backblazeb2.com%2Ffile%2Fallianzy%2Frequests%2F1770128154162-boarding-pass.jpg&t=1770129339817&sig=1e2b56cc4927909b41aae458457da4eb463a550ba24ac4623acde6f1cad1d043
[2026-02-03T14:35:39.818Z] Request File: boarding-pass.jpg, Original: https://f005.backblazeb2.com/file/allianzy/requests/1770078209059-boarding-pass.jpg, Proxy: /allianzy/dashboard/api/files?url=https%3A%2F%2Ff005.backblazeb2.com%2Ffile%2Fallianzy%2Frequests%2F1770078209059-boarding-pass.jpg&t=1770129339817&sig=4d624356b2aa73a2db3cfa5a92590d643e8d61d89d0d99c2456c7c2cc26c3e98
[2026-02-03T14:36:10.832Z] Requirement File: boarding-pass.jpg, Original: https://f005.backblazeb2.com/file/allianzy/requirements/1770062880308-boarding-pass.jpg, Proxy: /allianzy/dashboard/api/files?url=https%3A%2F%2Ff005.backblazeb2.com%2Ffile%2Fallianzy%2Frequirements%2F1770062880308-boarding-pass.jpg&t=1770129370832&sig=7cd996d6c97c6f100b1f19b98b35d3b17737aba64c59a7ac84e94f818334a84d
[2026-02-03T14:36:11.150Z] Case File: boarding-pass.jpg, Original: https://f005.backblazeb2.com/file/allianzy/cases/1770065445262-boarding-pass.jpg, Proxy: /allianzy/dashboard/api/files?url=https%3A%2F%2Ff005.backblazeb2.com%2Ffile%2Fallianzy%2Fcases%2F1770065445262-boarding-pass.jpg&t=1770129371150&sig=8948d2729669ac023e4999a15e7d254d8c17b88ca28597e11f8e2458ad1d96f6
[2026-02-03T14:36:11.152Z] Case File: boarding-pass.jpg, Original: https://f005.backblazeb2.com/file/allianzy/cases/1770064914683-boarding-pass.jpg, Proxy: /allianzy/dashboard/api/files?url=https%3A%2F%2Ff005.backblazeb2.com%2Ffile%2Fallianzy%2Fcases%2F1770064914683-boarding-pass.jpg&t=1770129371150&sig=bcce90fb321a20406e5f5787953b0d27ceb1e33baf962fa63b61149e041f63ad
[2026-02-03T14:36:11.311Z] Proposal File: 2026-01-28 at 13.13.19.jpeg, Original: https://f005.backblazeb2.com/file/allianzy/proposals/1770063507549-2026-01-28_at_13.13.19.jpeg, Proxy: /allianzy/dashboard/api/files?url=https%3A%2F%2Ff005.backblazeb2.com%2Ffile%2Fallianzy%2Fproposals%2F1770063507549-2026-01-28_at_13.13.19.jpeg&t=1770129371311&sig=58f42ffdef7bed731c13f9a8dba9c8b4c71b68d0dc0ce66c2927e3f02da50ddc
[2026-02-03T14:36:11.631Z] Request File: boarding-pass.jpg, Original: https://f005.backblazeb2.com/file/allianzy/requests/1770128154162-boarding-pass.jpg, Proxy: /allianzy/dashboard/api/files?url=https%3A%2F%2Ff005.backblazeb2.com%2Ffile%2Fallianzy%2Frequests%2F1770128154162-boarding-pass.jpg&t=1770129371631&sig=75fafeb52746af63fed7c14eeb920e4c0349837b291ceffb837185280ec04a19
[2026-02-03T14:36:11.633Z] Request File: boarding-pass.jpg, Original: https://f005.backblazeb2.com/file/allianzy/requests/1770078209059-boarding-pass.jpg, Proxy: /allianzy/dashboard/api/files?url=https%3A%2F%2Ff005.backblazeb2.com%2Ffile%2Fallianzy%2Frequests%2F1770078209059-boarding-pass.jpg&t=1770129371631&sig=cd1cebbae112bffa8b614249fa1b3ee132e3ade2dbf5089e47944d20fa708c53
[2026-02-03T14:36:22.636Z] Requirement File: boarding-pass.jpg, Original: https://f005.backblazeb2.com/file/allianzy/requirements/1770062880308-boarding-pass.jpg, Proxy: /allianzy/dashboard/api/files?url=https%3A%2F%2Ff005.backblazeb2.com%2Ffile%2Fallianzy%2Frequirements%2F1770062880308-boarding-pass.jpg&t=1770129382635&sig=c30b3d702a0bb8288d1d3367a4ba4f6bf790832f97d0f55c633793516a2bbb00
[2026-02-03T14:36:22.963Z] Case File: boarding-pass.jpg, Original: https://f005.backblazeb2.com/file/allianzy/cases/1770065445262-boarding-pass.jpg, Proxy: /allianzy/dashboard/api/files?url=https%3A%2F%2Ff005.backblazeb2.com%2Ffile%2Fallianzy%2Fcases%2F1770065445262-boarding-pass.jpg&t=1770129382963&sig=956be1705d5f6033bc0023d86f0a72bcc82afb3cbc934f7a12c403085336b120
[2026-02-03T14:36:22.964Z] Case File: boarding-pass.jpg, Original: https://f005.backblazeb2.com/file/allianzy/cases/1770064914683-boarding-pass.jpg, Proxy: /allianzy/dashboard/api/files?url=https%3A%2F%2Ff005.backblazeb2.com%2Ffile%2Fallianzy%2Fcases%2F1770064914683-boarding-pass.jpg&t=1770129382963&sig=7292a632f8405af5ce1421416651bdd91740e6710ea5a2eaf27a50870d24cabd
[2026-02-03T14:36:23.124Z] Proposal File: 2026-01-28 at 13.13.19.jpeg, Original: https://f005.backblazeb2.com/file/allianzy/proposals/1770063507549-2026-01-28_at_13.13.19.jpeg, Proxy: /allianzy/dashboard/api/files?url=https%3A%2F%2Ff005.backblazeb2.com%2Ffile%2Fallianzy%2Fproposals%2F1770063507549-2026-01-28_at_13.13.19.jpeg&t=1770129383124&sig=04bfdc0b63bcec7ecee75a72c70e79a53d4ab7d82b8dd41398cb211c03bc4e3d
[2026-02-03T14:36:23.448Z] Request File: boarding-pass.jpg, Original: https://f005.backblazeb2.com/file/allianzy/requests/1770128154162-boarding-pass.jpg, Proxy: /allianzy/dashboard/api/files?url=https%3A%2F%2Ff005.backblazeb2.com%2Ffile%2Fallianzy%2Frequests%2F1770128154162-boarding-pass.jpg&t=1770129383448&sig=44bfb624e29c0498f95f5f5a2a726e577855343de1d5336e53a73c346aec9ec0
[2026-02-03T14:36:23.448Z] Request File: boarding-pass.jpg, Original: https://f005.backblazeb2.com/file/allianzy/requests/1770078209059-boarding-pass.jpg, Proxy: /allianzy/dashboard/api/files?url=https%3A%2F%2Ff005.backblazeb2.com%2Ffile%2Fallianzy%2Frequests%2F1770078209059-boarding-pass.jpg&t=1770129383448&sig=6661726b49efa1a60904111ed7893750ac5aa5c61bb05a372c60461729dcc948
[2026-02-03T14:36:25.987Z] Requirement File: boarding-pass.jpg, Original: https://f005.backblazeb2.com/file/allianzy/requirements/1770062880308-boarding-pass.jpg, Proxy: /allianzy/dashboard/api/files?url=https%3A%2F%2Ff005.backblazeb2.com%2Ffile%2Fallianzy%2Frequirements%2F1770062880308-boarding-pass.jpg&t=1770129385987&sig=21bad037acaf4cc9059f487159c95fdb3e1ba7643d8a961d4afc3ca0828bbdd5
[2026-02-03T14:36:26.311Z] Case File: boarding-pass.jpg, Original: https://f005.backblazeb2.com/file/allianzy/cases/1770065445262-boarding-pass.jpg, Proxy: /allianzy/dashboard/api/files?url=https%3A%2F%2Ff005.backblazeb2.com%2Ffile%2Fallianzy%2Fcases%2F1770065445262-boarding-pass.jpg&t=1770129386311&sig=8b4cf3e92acf46653cc3f74e244d4a865b5626218a31400bf33d39f94875c229
[2026-02-03T14:36:26.312Z] Case File: boarding-pass.jpg, Original: https://f005.backblazeb2.com/file/allianzy/cases/1770064914683-boarding-pass.jpg, Proxy: /allianzy/dashboard/api/files?url=https%3A%2F%2Ff005.backblazeb2.com%2Ffile%2Fallianzy%2Fcases%2F1770064914683-boarding-pass.jpg&t=1770129386311&sig=e75b7296be747629aa04c2178fc7010b277bd59aaa90614997ca9aa15b4534e4
[2026-02-03T14:36:26.634Z] Proposal File: 2026-01-28 at 13.13.19.jpeg, Original: https://f005.backblazeb2.com/file/allianzy/proposals/1770063507549-2026-01-28_at_13.13.19.jpeg, Proxy: /allianzy/dashboard/api/files?url=https%3A%2F%2Ff005.backblazeb2.com%2Ffile%2Fallianzy%2Fproposals%2F1770063507549-2026-01-28_at_13.13.19.jpeg&t=1770129386634&sig=c4d5f99e0cc6afa95f8fb6c2c682b64bcc3f75229655261578490a78bfabe76c
[2026-02-03T14:36:26.959Z] Request File: boarding-pass.jpg, Original: https://f005.backblazeb2.com/file/allianzy/requests/1770128154162-boarding-pass.jpg, Proxy: /allianzy/dashboard/api/files?url=https%3A%2F%2Ff005.backblazeb2.com%2Ffile%2Fallianzy%2Frequests%2F1770128154162-boarding-pass.jpg&t=1770129386959&sig=efafc1a880f6bd1b6401b81af589158bac309e57a11191585e3d603288188b2d
[2026-02-03T14:36:26.959Z] Request File: boarding-pass.jpg, Original: https://f005.backblazeb2.com/file/allianzy/requests/1770078209059-boarding-pass.jpg, Proxy: /allianzy/dashboard/api/files?url=https%3A%2F%2Ff005.backblazeb2.com%2Ffile%2Fallianzy%2Frequests%2F1770078209059-boarding-pass.jpg&t=1770129386959&sig=bc88a47da97bad0a7c89147a68fb48bf4f2d59a55563cdddb6a8e2a102e95d51
